Log file open, 12/06/22 21:54:12
LogWindows: Failed to load 'aqProf.dll' (GetLastError=126)
LogWindows: File 'aqProf.dll' does not exist
LogWindows: Failed to load 'VtuneApi.dll' (GetLastError=126)
LogWindows: File 'VtuneApi.dll' does not exist
LogWindows: Failed to load 'VtuneApi32e.dll' (GetLastError=126)
LogWindows: File 'VtuneApi32e.dll' does not exist
LogConsoleResponse: Display: Failed to find resolution value strings in scalability ini. Falling back to default.
LogConsoleResponse: Display: Failed to find resolution value strings in scalability ini. Falling back to default.
LogInit: Display: Running engine for game: Game_name
LogPlatformFile: Not using cached read wrapper
LogTaskGraph: Started task graph with 5 named threads and 23 total threads with 3 sets of task threads.
LogStats: Stats thread started at 0.378998
LogICUInternationalization: ICU TimeZone Detection - Raw Offset: +5:00, Platform Override: ''
LogInit: Display: Loading text-based GConfig....
LogPluginManager: Mounting plugin MeshPainting
LogPluginManager: Mounting plugin XGEController
LogPluginManager: Mounting plugin AISupport
LogPluginManager: Mounting plugin Paper2D
LogPluginManager: Mounting plugin LiveLink
LogPluginManager: Mounting plugin LightPropagationVolume
LogPluginManager: Mounting plugin OodleData
LogPluginManager: Mounting plugin GameplayCameras
LogPluginManager: Mounting plugin CameraShakePreviewer
LogPluginManager: Mounting plugin AssetManagerEditor
LogPluginManager: Mounting plugin CryptoKeys
LogPluginManager: Mounting plugin FacialAnimation
LogPluginManager: Mounting plugin GameplayTagsEditor
LogPluginManager: Mounting plugin GeometryMode
LogPluginManager: Mounting plugin CurveEditorTools
LogPluginManager: Mounting plugin DataValidation
LogPluginManager: Mounting plugin MacGraphicsSwitching
LogPluginManager: Mounting plugin OodleNetwork
LogPluginManager: Mounting plugin MaterialAnalyzer
LogPluginManager: Mounting plugin MobileLauncherProfileWizard
LogPluginManager: Mounting plugin PluginBrowser
LogPluginManager: Mounting plugin SpeedTreeImporter
LogPluginManager: Mounting plugin AnimationSharing
LogPluginManager: Mounting plugin CLionSourceCodeAccess
LogPluginManager: Mounting plugin AlembicImporter
LogPluginManager: Mounting plugin Niagara
LogPluginManager: Mounting plugin AutomationUtils
LogPluginManager: Mounting plugin BackChannel
LogPluginManager: Mounting plugin CodeLiteSourceCodeAccess
LogPluginManager: Mounting plugin GitSourceControl
LogPluginManager: Mounting plugin KDevelopSourceCodeAccess
LogPluginManager: Mounting plugin NullSourceCodeAccess
LogPluginManager: Mounting plugin PerforceSourceControl
LogPluginManager: Mounting plugin PixWinPlugin
LogPluginManager: Mounting plugin PlasticSourceControl
LogPluginManager: Mounting plugin RiderSourceCodeAccess
LogPluginManager: Mounting plugin PropertyAccessNode
LogPluginManager: Mounting plugin PluginUtils
LogPluginManager: Mounting plugin SubversionSourceControl
LogPluginManager: Mounting plugin TextureFormatOodle
LogPluginManager: Mounting plugin ChaosCloth
LogPluginManager: Mounting plugin ChaosEditor
LogPluginManager: Mounting plugin ChaosClothEditor
LogPluginManager: Mounting plugin ChaosNiagara
LogPluginManager: Mounting plugin ChaosSolverPlugin
LogPluginManager: Mounting plugin CharacterAI
LogPluginManager: Mounting plugin UObjectPlugin
LogPluginManager: Mounting plugin VisualStudioCodeSourceCodeAccess
LogPluginManager: Mounting plugin VisualStudioSourceCodeAccess
LogPluginManager: Mounting plugin GeometryCache
LogPluginManager: Mounting plugin GeometryCollectionPlugin
LogPluginManager: Mounting plugin XCodeSourceCodeAccess
LogPluginManager: Mounting plugin GeometryProcessing
LogPluginManager: Mounting plugin OpenImageDenoise
LogPluginManager: Mounting plugin MotoSynth
LogPluginManager: Mounting plugin PlanarCut
LogPluginManager: Mounting plugin PlatformCrypto
LogPluginManager: Mounting plugin ProxyLODPlugin
LogPluginManager: Mounting plugin PythonScriptPlugin
LogPluginManager: Mounting plugin SkeletalReduction
LogPluginManager: Mounting plugin MagicLeap
LogPluginManager: Mounting plugin LuminPlatformFeatures
LogPluginManager: Mounting plugin MagicLeapLightEstimation
LogPluginManager: Mounting plugin MagicLeapMedia
LogPluginManager: Mounting plugin MagicLeapPassableWorld
LogPluginManager: Mounting plugin MLSDK
LogPluginManager: Mounting plugin AvfMedia
LogPluginManager: Mounting plugin AndroidMedia
LogPluginManager: Mounting plugin ImgMedia
LogPluginManager: Mounting plugin MediaCompositing
LogPluginManager: Mounting plugin MediaPlayerEditor
LogPluginManager: Mounting plugin WmfMedia
LogPluginManager: Mounting plugin WebMMedia
LogPluginManager: Mounting plugin TcpMessaging
LogPluginManager: Mounting plugin UdpMessaging
LogPluginManager: Mounting plugin ActorSequence
LogPluginManager: Mounting plugin LevelSequenceEditor
LogPluginManager: Mounting plugin MatineeToLevelSequence
LogPluginManager: Mounting plugin TemplateSequence
LogPluginManager: Mounting plugin OnlineSubsystem
LogPluginManager: Mounting plugin OnlineSubsystemNull
LogPluginManager: Mounting plugin OnlineSubsystemUtils
LogPluginManager: Mounting plugin LauncherChunkInstaller
LogPluginManager: Mounting plugin ActorLayerUtilities
LogPluginManager: Mounting plugin AndroidDeviceProfileSelector
LogPluginManager: Mounting plugin AndroidPermission
LogPluginManager: Mounting plugin AndroidMoviePlayer
LogPluginManager: Mounting plugin AppleMoviePlayer
LogPluginManager: Mounting plugin AppleImageUtils
LogPluginManager: Mounting plugin ArchVisCharacter
LogPluginManager: Mounting plugin AssetTags
LogPluginManager: Mounting plugin AudioCapture
LogPluginManager: Mounting plugin AudioSynesthesia
LogPluginManager: Mounting plugin CableComponent
LogPluginManager: Mounting plugin ChunkDownloader
LogPluginManager: Mounting plugin CustomMeshComponent
LogPluginManager: Mounting plugin EditableMesh
LogPluginManager: Mounting plugin ExampleDeviceProfileSelector
LogPluginManager: Mounting plugin GoogleCloudMessaging
LogPluginManager: Mounting plugin IOSDeviceProfileSelector
LogPluginManager: Mounting plugin GooglePAD
LogPluginManager: Mounting plugin LinuxDeviceProfileSelector
LogPluginManager: Mounting plugin LocationServicesBPLibrary
LogPluginManager: Mounting plugin MobilePatchingUtils
LogPluginManager: Mounting plugin OpenXR
LogPluginManager: Mounting plugin OpenXRHandTracking
LogPluginManager: Mounting plugin OpenXREyeTracker
LogPluginManager: Mounting plugin PhysXVehicles
LogPluginManager: Mounting plugin PostSplashScreen
LogPluginManager: Mounting plugin ProceduralMeshComponent
LogPluginManager: Mounting plugin PropertyAccessEditor
LogPluginManager: Mounting plugin RuntimePhysXCooking
LogPluginManager: Mounting plugin SignificanceManager
LogPluginManager: Mounting plugin SoundFields
LogPluginManager: Mounting plugin Synthesis
LogPluginManager: Mounting plugin WebMMoviePlayer
LogPluginManager: Mounting plugin WindowsMoviePlayer
LogPluginManager: Mounting plugin ScreenshotTools
LogPluginManager: Mounting plugin Takes
LogPluginManager: Mounting plugin EnvironmentQueryEditor
LogPluginManager: Mounting plugin DatasmithContent
LogPluginManager: Mounting plugin VariantManagerContent
LogPluginManager: Mounting plugin ContentBrowserAssetDataSource
LogPluginManager: Mounting plugin ContentBrowserClassDataSource
LogPluginManager: Mounting plugin ContentBrowserFileDataSource
LogPluginManager: Mounting plugin OnlineSubsystemGooglePlay
LogPluginManager: Mounting plugin OnlineSubsystemIOS
LogPluginManager: Mounting plugin OculusVR
LogPluginManager: Mounting plugin SteamVR
PixWinPlugin: PIX capture plugin failed to initialize! Check that the process is launched from PIX.
LogInit: Using libcurl 7.55.1-DEV
LogInit:  - built for x86_64-pc-win32
LogInit:  - supports SSL with OpenSSL/1.1.1
LogInit:  - supports HTTP deflate (compression) using libz 1.2.8
LogInit:  - other features:
LogInit:      CURL_VERSION_SSL
LogInit:      CURL_VERSION_LIBZ
LogInit:      CURL_VERSION_IPV6
LogInit:      CURL_VERSION_ASYNCHDNS
LogInit:      CURL_VERSION_LARGEFILE
LogInit:      CURL_VERSION_IDN
LogInit:  CurlRequestOptions (configurable via config and command line):
LogInit:  - bVerifyPeer = true  - Libcurl will verify peer certificate
LogInit:  - bUseHttpProxy = false  - Libcurl will NOT use HTTP proxy
LogInit:  - bDontReuseConnections = false  - Libcurl will reuse connections
LogInit:  - MaxHostConnections = 16  - Libcurl will limit the number of connections to a host
LogInit:  - LocalHostAddr = Default
LogInit:  - BufferSize = 65536
LogOnline: OSS: Creating online subsystem instance for: NULL
LogInit: WinSock: version 1.1 (2.2), MaxSocks=32767, MaxUdp=65467
LogOnline: OSS: TryLoadSubsystemAndSetDefault: Loaded subsystem for module [NULL]
LogOculusPluginWrapper: OculusPlugin initialized successfully
LogHMD: Failed initializing OVRPlugin 1.59.0
LogInit: Build: ++UE4+Release-4.27-CL-18319896
LogInit: Engine Version: 4.27.2-18319896+++UE4+Release-4.27
LogInit: Compatible Engine Version: 4.27.0-17155196+++UE4+Release-4.27
LogInit: Net CL: 17155196
LogInit: OS: Windows 10 (Release 2009) (), CPU: AMD Ryzen 5 3500U with Radeon Vega Mobile Gfx  , GPU: AMD Radeon(TM) Vega 8 Graphics 
LogInit: Compiled (64-bit): Nov 30 2021 07:12:08
LogInit: Compiled with Visual C++: 19.24.28315.00
LogInit: Build Configuration: Development
LogInit: Branch Name: ++UE4+Release-4.27
LogInit: Command Line: 
LogInit: Base Directory: D:/Games/UE_4.27/Engine/Binaries/Win64/
LogInit: Allocator: TBB
LogInit: Installed Engine Build: 1
LogDevObjectVersion: Number of dev versions registered: 29
LogDevObjectVersion:   Dev-Blueprints (B0D832E4-1F89-4F0D-ACCF-7EB736FD4AA2): 10
LogDevObjectVersion:   Dev-Build (E1C64328-A22C-4D53-A36C-8E866417BD8C): 0
LogDevObjectVersion:   Dev-Core (375EC13C-06E4-48FB-B500-84F0262A717E): 4
LogDevObjectVersion:   Dev-Editor (E4B068ED-F494-42E9-A231-DA0B2E46BB41): 40
LogDevObjectVersion:   Dev-Framework (CFFC743F-43B0-4480-9391-14DF171D2073): 37
LogDevObjectVersion:   Dev-Mobile (B02B49B5-BB20-44E9-A304-32B752E40360): 3
LogDevObjectVersion:   Dev-Networking (A4E4105C-59A1-49B5-A7C5-40C4547EDFEE): 0
LogDevObjectVersion:   Dev-Online (39C831C9-5AE6-47DC-9A44-9C173E1C8E7C): 0
LogDevObjectVersion:   Dev-Physics (78F01B33-EBEA-4F98-B9B4-84EACCB95AA2): 14
LogDevObjectVersion:   Dev-Platform (6631380F-2D4D-43E0-8009-CF276956A95A): 0
LogDevObjectVersion:   Dev-Rendering (12F88B9F-8875-4AFC-A67C-D90C383ABD29): 45
LogDevObjectVersion:   Dev-Sequencer (7B5AE74C-D270-4C10-A958-57980B212A5A): 13
LogDevObjectVersion:   Dev-VR (D7296918-1DD6-4BDD-9DE2-64A83CC13884): 3
LogDevObjectVersion:   Dev-LoadTimes (C2A15278-BFE7-4AFE-6C17-90FF531DF755): 1
LogDevObjectVersion:   Private-Geometry (6EACA3D4-40EC-4CC1-B786-8BED09428FC5): 3
LogDevObjectVersion:   Dev-AnimPhys (29E575DD-E0A3-4627-9D10-D276232CDCEA): 17
LogDevObjectVersion:   Dev-Anim (AF43A65D-7FD3-4947-9873-3E8ED9C1BB05): 15
LogDevObjectVersion:   Dev-ReflectionCapture (6B266CEC-1EC7-4B8F-A30B-E4D90942FC07): 1
LogDevObjectVersion:   Dev-Automation (0DF73D61-A23F-47EA-B727-89E90C41499A): 1
LogDevObjectVersion:   FortniteMain (601D1886-AC64-4F84-AA16-D3DE0DEAC7D6): 47
LogDevObjectVersion:   FortniteRelease (E7086368-6B23-4C58-8439-1B7016265E91): 1
LogDevObjectVersion:   Dev-Enterprise (9DFFBCD6-494F-0158-E221-12823C92A888): 10
LogDevObjectVersion:   Dev-Niagara (F2AED0AC-9AFE-416F-8664-AA7FFA26D6FC): 1
LogDevObjectVersion:   Dev-Destruction (174F1F0B-B4C6-45A5-B13F-2EE8D0FB917D): 10
LogDevObjectVersion:   Dev-Physics-Ext (35F94A83-E258-406C-A318-09F59610247C): 41
LogDevObjectVersion:   Dev-PhysicsMaterial-Chaos (B68FC16E-8B1B-42E2-B453-215C058844FE): 1
LogDevObjectVersion:   Dev-CineCamera (B2E18506-4273-CFC2-A54E-F4BB758BBA07): 1
LogDevObjectVersion:   Dev-VirtualProduction (64F58936-FD1B-42BA-BA96-7289D5D0FA4E): 1
LogDevObjectVersion:   Dev-MediaFramework (6F0ED827-A609-4895-9C91-998D90180EA4): 2
LogInit: Presizing for max 25165824 objects, including 0 objects not considered by GC, pre-allocating 0 bytes for permanent pool.
LogConfig: Applying CVar settings from Section [/Script/Engine.StreamingSettings] File [D:/Game/Game_name/Saved/Config/Windows/Engine.ini]
LogConfig: Setting CVar [[s.MinBulkDataSizeForAsyncLoading:131072]]
LogConfig: Setting CVar [[s.AsyncLoadingThreadEnabled:0]]
LogConfig: Setting CVar [[s.EventDrivenLoaderEnabled:1]]
LogConfig: Setting CVar [[s.WarnIfTimeLimitExceeded:0]]
LogConfig: Setting CVar [[s.TimeLimitExceededMultiplier:1.5]]
LogConfig: Setting CVar [[s.TimeLimitExceededMinTime:0.005]]
LogConfig: Setting CVar [[s.UseBackgroundLevelStreaming:1]]
LogConfig: Setting CVar [[s.PriorityAsyncLoadingExtraTime:15.0]]
LogConfig: Setting CVar [[s.LevelStreamingActorsUpdateTimeLimit:5.0]]
LogConfig: Setting CVar [[s.PriorityLevelStreamingActorsUpdateExtraTime:5.0]]
LogConfig: Setting CVar [[s.LevelStreamingComponentsRegistrationGranularity:10]]
LogConfig: Setting CVar [[s.UnregisterComponentsTimeLimit:1.0]]
LogConfig: Setting CVar [[s.LevelStreamingComponentsUnregistrationGranularity:5]]
LogConfig: Setting CVar [[s.FlushStreamingOnExit:1]]
LogInit: Object subsystem initialized
LogConfig: Setting CVar [[con.DebugEarlyDefault:1]]
LogConfig: Setting CVar [[r.setres:1280x720]]
[2022.12.06-16.54.13:560][  0]LogConfig: Setting CVar [[r.VSync:0]]
[2022.12.06-16.54.13:560][  0]LogConfig: Setting CVar [[r.RHICmdBypass:0]]
[2022.12.06-16.54.13:560][  0]LogConfig: Applying CVar settings from Section [/Script/Engine.RendererSettings] File [D:/Game/Game_name/Saved/Config/Windows/Engine.ini]
[2022.12.06-16.54.13:560][  0]LogConfig: Setting CVar [[r.GPUCrashDebugging:0]]
[2022.12.06-16.54.13:560][  0]LogConfig: Applying CVar settings from Section [/Script/Engine.RendererOverrideSettings] File [D:/Game/Game_name/Saved/Config/Windows/Engine.ini]
[2022.12.06-16.54.13:560][  0]LogConfig: Applying CVar settings from Section [/Script/Engine.StreamingSettings] File [D:/Game/Game_name/Saved/Config/Windows/Engine.ini]
[2022.12.06-16.54.13:560][  0]LogConfig: Setting CVar [[s.MinBulkDataSizeForAsyncLoading:131072]]
[2022.12.06-16.54.13:560][  0]LogConfig: Setting CVar [[s.AsyncLoadingThreadEnabled:0]]
[2022.12.06-16.54.13:560][  0]LogConfig: Setting CVar [[s.EventDrivenLoaderEnabled:1]]
[2022.12.06-16.54.13:560][  0]LogConfig: Setting CVar [[s.WarnIfTimeLimitExceeded:0]]
[2022.12.06-16.54.13:560][  0]LogConfig: Setting CVar [[s.TimeLimitExceededMultiplier:1.5]]
[2022.12.06-16.54.13:560][  0]LogConfig: Setting CVar [[s.TimeLimitExceededMinTime:0.005]]
[2022.12.06-16.54.13:560][  0]LogConfig: Setting CVar [[s.UseBackgroundLevelStreaming:1]]
[2022.12.06-16.54.13:560][  0]LogConfig: Setting CVar [[s.PriorityAsyncLoadingExtraTime:15.0]]
[2022.12.06-16.54.13:560][  0]LogConfig: Setting CVar [[s.LevelStreamingActorsUpdateTimeLimit:5.0]]
[2022.12.06-16.54.13:560][  0]LogConfig: Setting CVar [[s.PriorityLevelStreamingActorsUpdateExtraTime:5.0]]
[2022.12.06-16.54.13:560][  0]LogConfig: Setting CVar [[s.LevelStreamingComponentsRegistrationGranularity:10]]
[2022.12.06-16.54.13:560][  0]LogConfig: Setting CVar [[s.UnregisterComponentsTimeLimit:1.0]]
[2022.12.06-16.54.13:560][  0]LogConfig: Setting CVar [[s.LevelStreamingComponentsUnregistrationGranularity:5]]
[2022.12.06-16.54.13:560][  0]LogConfig: Setting CVar [[s.FlushStreamingOnExit:1]]
[2022.12.06-16.54.13:560][  0]LogConfig: Applying CVar settings from Section [/Script/Engine.GarbageCollectionSettings] File [D:/Game/Game_name/Saved/Config/Windows/Engine.ini]
[2022.12.06-16.54.13:560][  0]LogConfig: Setting CVar [[gc.MaxObjectsNotConsideredByGC:1]]
[2022.12.06-16.54.13:560][  0]LogConfig: Setting CVar [[gc.SizeOfPermanentObjectPool:0]]
[2022.12.06-16.54.13:560][  0]LogConfig: Setting CVar [[gc.FlushStreamingOnGC:0]]
[2022.12.06-16.54.13:560][  0]LogConfig: Setting CVar [[gc.NumRetriesBeforeForcingGC:10]]
[2022.12.06-16.54.13:560][  0]LogConfig: Setting CVar [[gc.AllowParallelGC:1]]
[2022.12.06-16.54.13:560][  0]LogConfig: Setting CVar [[gc.TimeBetweenPurgingPendingKillObjects:61.1]]
[2022.12.06-16.54.13:560][  0]LogConfig: Setting CVar [[gc.MaxObjectsInEditor:25165824]]
[2022.12.06-16.54.13:560][  0]LogConfig: Setting CVar [[gc.IncrementalBeginDestroyEnabled:1]]
[2022.12.06-16.54.13:560][  0]LogConfig: Setting CVar [[gc.CreateGCClusters:1]]
[2022.12.06-16.54.13:560][  0]LogConfig: Setting CVar [[gc.MinGCClusterSize:5]]
[2022.12.06-16.54.13:560][  0]LogConfig: Setting CVar [[gc.ActorClusteringEnabled:0]]
[2022.12.06-16.54.13:560][  0]LogConfig: Setting CVar [[gc.BlueprintClusteringEnabled:0]]
[2022.12.06-16.54.13:560][  0]LogConfig: Setting CVar [[gc.UseDisregardForGCOnDedicatedServers:0]]
[2022.12.06-16.54.13:560][  0]LogConfig: Setting CVar [[gc.MultithreadedDestructionEnabled:1]]
[2022.12.06-16.54.13:560][  0]LogConfig: Applying CVar settings from Section [/Script/Engine.NetworkSettings] File [D:/Game/Game_name/Saved/Config/Windows/Engine.ini]
[2022.12.06-16.54.13:560][  0]LogConfig: Applying CVar settings from Section [/Script/UnrealEd.CookerSettings] File [D:/Game/Game_name/Saved/Config/Windows/Engine.ini]
[2022.12.06-16.54.13:594][  0]LogConfig: Applying CVar settings from Section [ViewDistanceQuality@3] File [D:/Game/Game_name/Saved/Config/Windows/Scalability.ini]
[2022.12.06-16.54.13:594][  0]LogConfig: Setting CVar [[r.SkeletalMeshLODBias:0]]
[2022.12.06-16.54.13:594][  0]LogConfig: Setting CVar [[r.ViewDistanceScale:1.0]]
[2022.12.06-16.54.13:594][  0]LogConfig: Applying CVar settings from Section [AntiAliasingQuality@3] File [D:/Game/Game_name/Saved/Config/Windows/Scalability.ini]
[2022.12.06-16.54.13:594][  0]LogConfig: Setting CVar [[r.PostProcessAAQuality:4]]
[2022.12.06-16.54.13:594][  0]LogConfig: Applying CVar settings from Section [ShadowQuality@3] File [D:/Game/Game_name/Saved/Config/Windows/Scalability.ini]
[2022.12.06-16.54.13:594][  0]LogConfig: Setting CVar [[r.LightFunctionQuality:1]]
[2022.12.06-16.54.13:594][  0]LogConfig: Setting CVar [[r.ShadowQuality:5]]
[2022.12.06-16.54.13:594][  0]LogConfig: Setting CVar [[r.Shadow.CSM.MaxCascades:10]]
[2022.12.06-16.54.13:594][  0]LogConfig: Setting CVar [[r.Shadow.MaxResolution:2048]]
[2022.12.06-16.54.13:594][  0]LogConfig: Setting CVar [[r.Shadow.MaxCSMResolution:2048]]
[2022.12.06-16.54.13:594][  0]LogConfig: Setting CVar [[r.Shadow.RadiusThreshold:0.01]]
[2022.12.06-16.54.13:594][  0]LogConfig: Setting CVar [[r.Shadow.DistanceScale:1.0]]
[2022.12.06-16.54.13:594][  0]LogConfig: Setting CVar [[r.Shadow.CSM.TransitionScale:1.0]]
[2022.12.06-16.54.13:594][  0]LogConfig: Setting CVar [[r.Shadow.PreShadowResolutionFactor:1.0]]
[2022.12.06-16.54.13:594][  0]LogConfig: Setting CVar [[r.DistanceFieldShadowing:1]]
[2022.12.06-16.54.13:594][  0]LogConfig: Setting CVar [[r.DistanceFieldAO:1]]
[2022.12.06-16.54.13:595][  0]LogConfig: Setting CVar [[r.AOQuality:2]]
[2022.12.06-16.54.13:595][  0]LogConfig: Setting CVar [[r.VolumetricFog:1]]
[2022.12.06-16.54.13:595][  0]LogConfig: Setting CVar [[r.VolumetricFog.GridPixelSize:8]]
[2022.12.06-16.54.13:595][  0]LogConfig: Setting CVar [[r.VolumetricFog.GridSizeZ:128]]
[2022.12.06-16.54.13:595][  0]LogConfig: Setting CVar [[r.VolumetricFog.HistoryMissSupersampleCount:4]]
[2022.12.06-16.54.13:595][  0]LogConfig: Setting CVar [[r.LightMaxDrawDistanceScale:1]]
[2022.12.06-16.54.13:595][  0]LogConfig: Setting CVar [[r.CapsuleShadows:1]]
[2022.12.06-16.54.13:595][  0]LogConfig: Applying CVar settings from Section [PostProcessQuality@3] File [D:/Game/Game_name/Saved/Config/Windows/Scalability.ini]
[2022.12.06-16.54.13:595][  0]LogConfig: Setting CVar [[r.MotionBlurQuality:4]]
[2022.12.06-16.54.13:595][  0]LogConfig: Setting CVar [[r.AmbientOcclusionMipLevelFactor:0.4]]
[2022.12.06-16.54.13:595][  0]LogConfig: Setting CVar [[r.AmbientOcclusionMaxQuality:100]]
[2022.12.06-16.54.13:595][  0]LogConfig: Setting CVar [[r.AmbientOcclusionLevels:-1]]
[2022.12.06-16.54.13:595][  0]LogConfig: Setting CVar [[r.AmbientOcclusionRadiusScale:1.0]]
[2022.12.06-16.54.13:595][  0]LogConfig: Setting CVar [[r.DepthOfFieldQuality:2]]
[2022.12.06-16.54.13:595][  0]LogConfig: Setting CVar [[r.RenderTargetPoolMin:400]]
[2022.12.06-16.54.13:595][  0]LogConfig: Setting CVar [[r.LensFlareQuality:2]]
[2022.12.06-16.54.13:595][  0]LogConfig: Setting CVar [[r.SceneColorFringeQuality:1]]
[2022.12.06-16.54.13:595][  0]LogConfig: Setting CVar [[r.EyeAdaptationQuality:2]]
[2022.12.06-16.54.13:595][  0]LogConfig: Setting CVar [[r.BloomQuality:5]]
[2022.12.06-16.54.13:595][  0]LogConfig: Setting CVar [[r.FastBlurThreshold:100]]
[2022.12.06-16.54.13:595][  0]LogConfig: Setting CVar [[r.Upscale.Quality:3]]
[2022.12.06-16.54.13:595][  0]LogConfig: Setting CVar [[r.Tonemapper.GrainQuantization:1]]
[2022.12.06-16.54.13:595][  0]LogConfig: Setting CVar [[r.LightShaftQuality:1]]
[2022.12.06-16.54.13:595][  0]LogConfig: Setting CVar [[r.Filter.SizeScale:1]]
[2022.12.06-16.54.13:595][  0]LogConfig: Setting CVar [[r.Tonemapper.Quality:5]]
[2022.12.06-16.54.13:595][  0]LogConfig: Setting CVar [[r.DOF.Gather.AccumulatorQuality:1        ; higher gathering accumulator quality]]
[2022.12.06-16.54.13:595][  0]LogConfig: Setting CVar [[r.DOF.Gather.PostfilterMethod:1          ; Median3x3 postfilering method]]
[2022.12.06-16.54.13:595][  0]LogConfig: Setting CVar [[r.DOF.Gather.EnableBokehSettings:0       ; no bokeh simulation when gathering]]
[2022.12.06-16.54.13:595][  0]LogConfig: Setting CVar [[r.DOF.Gather.RingCount:4                 ; medium number of samples when gathering]]
[2022.12.06-16.54.13:595][  0]LogConfig: Setting CVar [[r.DOF.Scatter.ForegroundCompositing:1    ; additive foreground scattering]]
[2022.12.06-16.54.13:595][  0]LogConfig: Setting CVar [[r.DOF.Scatter.BackgroundCompositing:2    ; additive background scattering]]
[2022.12.06-16.54.13:595][  0]LogConfig: Setting CVar [[r.DOF.Scatter.EnableBokehSettings:1      ; bokeh simulation when scattering]]
[2022.12.06-16.54.13:595][  0]LogConfig: Setting CVar [[r.DOF.Scatter.MaxSpriteRatio:0.1         ; only a maximum of 10% of scattered bokeh]]
[2022.12.06-16.54.13:595][  0]LogConfig: Setting CVar [[r.DOF.Recombine.Quality:1                ; cheap slight out of focus]]
[2022.12.06-16.54.13:595][  0]LogConfig: Setting CVar [[r.DOF.Recombine.EnableBokehSettings:0    ; no bokeh simulation on slight out of focus]]
[2022.12.06-16.54.13:595][  0]LogConfig: Setting CVar [[r.DOF.TemporalAAQuality:1                ; more stable temporal accumulation]]
[2022.12.06-16.54.13:595][  0]LogConfig: Setting CVar [[r.DOF.Kernel.MaxForegroundRadius:0.025]]
[2022.12.06-16.54.13:595][  0]LogConfig: Setting CVar [[r.DOF.Kernel.MaxBackgroundRadius:0.025]]
[2022.12.06-16.54.13:595][  0]LogConfig: Applying CVar settings from Section [TextureQuality@3] File [D:/Game/Game_name/Saved/Config/Windows/Scalability.ini]
[2022.12.06-16.54.13:595][  0]LogConfig: Setting CVar [[r.Streaming.MipBias:0]]
[2022.12.06-16.54.13:595][  0]LogConfig: Setting CVar [[r.Streaming.AmortizeCPUToGPUCopy:0]]
[2022.12.06-16.54.13:595][  0]LogConfig: Setting CVar [[r.Streaming.MaxNumTexturesToStreamPerFrame:0]]
[2022.12.06-16.54.13:595][  0]LogConfig: Setting CVar [[r.Streaming.Boost:1]]
[2022.12.06-16.54.13:595][  0]LogConfig: Setting CVar [[r.MaxAnisotropy:8]]
[2022.12.06-16.54.13:595][  0]LogConfig: Setting CVar [[r.VT.MaxAnisotropy:8]]
[2022.12.06-16.54.13:596][  0]LogConfig: Setting CVar [[r.Streaming.LimitPoolSizeToVRAM:0]]
[2022.12.06-16.54.13:596][  0]LogConfig: Setting CVar [[r.Streaming.PoolSize:1000]]
[2022.12.06-16.54.13:596][  0]LogConfig: Setting CVar [[r.Streaming.MaxEffectiveScreenSize:0]]
[2022.12.06-16.54.13:596][  0]LogConfig: Applying CVar settings from Section [EffectsQuality@3] File [D:/Game/Game_name/Saved/Config/Windows/Scalability.ini]
[2022.12.06-16.54.13:596][  0]LogConfig: Setting CVar [[r.TranslucencyLightingVolumeDim:64]]
[2022.12.06-16.54.13:596][  0]LogConfig: Setting CVar [[r.RefractionQuality:2]]
[2022.12.06-16.54.13:596][  0]LogConfig: Setting CVar [[r.SSR.Quality:3]]
[2022.12.06-16.54.13:596][  0]LogConfig: Setting CVar [[r.SSR.HalfResSceneColor:0]]
[2022.12.06-16.54.13:596][  0]LogConfig: Setting CVar [[r.SceneColorFormat:4]]
[2022.12.06-16.54.13:596][  0]LogConfig: Setting CVar [[r.DetailMode:2]]
[2022.12.06-16.54.13:596][  0]LogConfig: Setting CVar [[r.TranslucencyVolumeBlur:1]]
[2022.12.06-16.54.13:596][  0]LogConfig: Setting CVar [[r.MaterialQualityLevel:1 ; High quality]]
[2022.12.06-16.54.13:596][  0]LogConfig: Setting CVar [[r.AnisotropicMaterials:1]]
[2022.12.06-16.54.13:596][  0]LogConfig: Setting CVar [[r.SSS.Scale:1]]
[2022.12.06-16.54.13:596][  0]LogConfig: Setting CVar [[r.SSS.SampleSet:2]]
[2022.12.06-16.54.13:596][  0]LogConfig: Setting CVar [[r.SSS.Quality:1]]
[2022.12.06-16.54.13:596][  0]LogConfig: Setting CVar [[r.SSS.HalfRes:0]]
[2022.12.06-16.54.13:596][  0]LogConfig: Setting CVar [[r.SSGI.Quality:3]]
[2022.12.06-16.54.13:596][  0]LogConfig: Setting CVar [[r.EmitterSpawnRateScale:1.0]]
[2022.12.06-16.54.13:596][  0]LogConfig: Setting CVar [[r.ParticleLightQuality:2]]
[2022.12.06-16.54.13:596][  0]LogConfig: Setting CVar [[r.SkyAtmosphere.AerialPerspectiveLUT.FastApplyOnOpaque:1 ; Always have FastSkyLUT 1 in this case to avoid wrong sky]]
[2022.12.06-16.54.13:596][  0]LogConfig: Setting CVar [[r.SkyAtmosphere.AerialPerspectiveLUT.SampleCountMaxPerSlice:4]]
[2022.12.06-16.54.13:596][  0]LogConfig: Setting CVar [[r.SkyAtmosphere.AerialPerspectiveLUT.DepthResolution:16.0]]
[2022.12.06-16.54.13:596][  0]LogConfig: Setting CVar [[r.SkyAtmosphere.FastSkyLUT:1]]
[2022.12.06-16.54.13:596][  0]LogConfig: Setting CVar [[r.SkyAtmosphere.FastSkyLUT.SampleCountMin:4.0]]
[2022.12.06-16.54.13:596][  0]LogConfig: Setting CVar [[r.SkyAtmosphere.FastSkyLUT.SampleCountMax:128.0]]
[2022.12.06-16.54.13:596][  0]LogConfig: Setting CVar [[r.SkyAtmosphere.SampleCountMin:4.0]]
[2022.12.06-16.54.13:596][  0]LogConfig: Setting CVar [[r.SkyAtmosphere.SampleCountMax:128.0]]
[2022.12.06-16.54.13:596][  0]LogConfig: Setting CVar [[r.SkyAtmosphere.TransmittanceLUT.UseSmallFormat:0]]
[2022.12.06-16.54.13:596][  0]LogConfig: Setting CVar [[r.SkyAtmosphere.TransmittanceLUT.SampleCount:10.0]]
[2022.12.06-16.54.13:596][  0]LogConfig: Setting CVar [[r.SkyAtmosphere.MultiScatteringLUT.SampleCount:15.0]]
[2022.12.06-16.54.13:596][  0]LogConfig: Setting CVar [[r.SkyLight.RealTimeReflectionCapture:1]]
[2022.12.06-16.54.13:596][  0]LogConfig: Applying CVar settings from Section [FoliageQuality@3] File [D:/Game/Game_name/Saved/Config/Windows/Scalability.ini]
[2022.12.06-16.54.13:596][  0]LogConfig: Setting CVar [[foliage.DensityScale:1.0]]
[2022.12.06-16.54.13:596][  0]LogConfig: Setting CVar [[grass.DensityScale:1.0]]
[2022.12.06-16.54.13:596][  0]LogConfig: Applying CVar settings from Section [ShadingQuality@3] File [D:/Game/Game_name/Saved/Config/Windows/Scalability.ini]
[2022.12.06-16.54.13:596][  0]LogConfig: Setting CVar [[r.HairStrands.SkyLighting.IntegrationType:2]]
[2022.12.06-16.54.13:596][  0]LogConfig: Setting CVar [[r.HairStrands.SkyAO.SampleCount:4]]
[2022.12.06-16.54.13:596][  0]LogConfig: Setting CVar [[r.HairStrands.Visibility.MSAA.SamplePerPixel:4]]
[2022.12.06-16.54.13:596][  0]LogInit: Selected Device Profile: [Windows]
[2022.12.06-16.54.13:596][  0]LogInit: Applying CVar settings loaded from the selected device profile: [Windows]
[2022.12.06-16.54.13:596][  0]LogHAL: Display: Platform has ~ 7 GB [7448702976 / 8589934592 / 7], which maps to Smaller [LargestMinGB=32, LargerMinGB=12, DefaultMinGB=8, SmallerMinGB=6, SmallestMinGB=0)
[2022.12.06-16.54.13:596][  0]LogInit: Going up to parent DeviceProfile []
[2022.12.06-16.54.13:597][  0]LogConfig: Applying CVar settings from Section [ViewDistanceQuality@3] File [D:/Game/Game_name/Saved/Config/Windows/Scalability.ini]
[2022.12.06-16.54.13:597][  0]LogConfig: Setting CVar [[r.SkeletalMeshLODBias:0]]
[2022.12.06-16.54.13:597][  0]LogConfig: Setting CVar [[r.ViewDistanceScale:1.0]]
[2022.12.06-16.54.13:597][  0]LogConfig: Applying CVar settings from Section [AntiAliasingQuality@3] File [D:/Game/Game_name/Saved/Config/Windows/Scalability.ini]
[2022.12.06-16.54.13:597][  0]LogConfig: Setting CVar [[r.PostProcessAAQuality:4]]
[2022.12.06-16.54.13:597][  0]LogConfig: Applying CVar settings from Section [ShadowQuality@3] File [D:/Game/Game_name/Saved/Config/Windows/Scalability.ini]
[2022.12.06-16.54.13:597][  0]LogConfig: Setting CVar [[r.LightFunctionQuality:1]]
[2022.12.06-16.54.13:597][  0]LogConfig: Setting CVar [[r.ShadowQuality:5]]
[2022.12.06-16.54.13:597][  0]LogConfig: Setting CVar [[r.Shadow.CSM.MaxCascades:10]]
[2022.12.06-16.54.13:597][  0]LogConfig: Setting CVar [[r.Shadow.MaxResolution:2048]]
[2022.12.06-16.54.13:597][  0]LogConfig: Setting CVar [[r.Shadow.MaxCSMResolution:2048]]
[2022.12.06-16.54.13:597][  0]LogConfig: Setting CVar [[r.Shadow.RadiusThreshold:0.01]]
[2022.12.06-16.54.13:597][  0]LogConfig: Setting CVar [[r.Shadow.DistanceScale:1.0]]
[2022.12.06-16.54.13:597][  0]LogConfig: Setting CVar [[r.Shadow.CSM.TransitionScale:1.0]]
[2022.12.06-16.54.13:597][  0]LogConfig: Setting CVar [[r.Shadow.PreShadowResolutionFactor:1.0]]
[2022.12.06-16.54.13:597][  0]LogConfig: Setting CVar [[r.DistanceFieldShadowing:1]]
[2022.12.06-16.54.13:597][  0]LogConfig: Setting CVar [[r.DistanceFieldAO:1]]
[2022.12.06-16.54.13:597][  0]LogConfig: Setting CVar [[r.AOQuality:2]]
[2022.12.06-16.54.13:597][  0]LogConfig: Setting CVar [[r.VolumetricFog:1]]
[2022.12.06-16.54.13:597][  0]LogConfig: Setting CVar [[r.VolumetricFog.GridPixelSize:8]]
[2022.12.06-16.54.13:597][  0]LogConfig: Setting CVar [[r.VolumetricFog.GridSizeZ:128]]
[2022.12.06-16.54.13:597][  0]LogConfig: Setting CVar [[r.VolumetricFog.HistoryMissSupersampleCount:4]]
[2022.12.06-16.54.13:597][  0]LogConfig: Setting CVar [[r.LightMaxDrawDistanceScale:1]]
[2022.12.06-16.54.13:597][  0]LogConfig: Setting CVar [[r.CapsuleShadows:1]]
[2022.12.06-16.54.13:597][  0]LogConfig: Applying CVar settings from Section [PostProcessQuality@3] File [D:/Game/Game_name/Saved/Config/Windows/Scalability.ini]
[2022.12.06-16.54.13:597][  0]LogConfig: Setting CVar [[r.MotionBlurQuality:4]]
[2022.12.06-16.54.13:597][  0]LogConfig: Setting CVar [[r.AmbientOcclusionMipLevelFactor:0.4]]
[2022.12.06-16.54.13:597][  0]LogConfig: Setting CVar [[r.AmbientOcclusionMaxQuality:100]]
[2022.12.06-16.54.13:597][  0]LogConfig: Setting CVar [[r.AmbientOcclusionLevels:-1]]
[2022.12.06-16.54.13:597][  0]LogConfig: Setting CVar [[r.AmbientOcclusionRadiusScale:1.0]]
[2022.12.06-16.54.13:597][  0]LogConfig: Setting CVar [[r.DepthOfFieldQuality:2]]
[2022.12.06-16.54.13:597][  0]LogConfig: Setting CVar [[r.RenderTargetPoolMin:400]]
[2022.12.06-16.54.13:597][  0]LogConfig: Setting CVar [[r.LensFlareQuality:2]]
[2022.12.06-16.54.13:597][  0]LogConfig: Setting CVar [[r.SceneColorFringeQuality:1]]
[2022.12.06-16.54.13:597][  0]LogConfig: Setting CVar [[r.EyeAdaptationQuality:2]]
[2022.12.06-16.54.13:597][  0]LogConfig: Setting CVar [[r.BloomQuality:5]]
[2022.12.06-16.54.13:597][  0]LogConfig: Setting CVar [[r.FastBlurThreshold:100]]
[2022.12.06-16.54.13:597][  0]LogConfig: Setting CVar [[r.Upscale.Quality:3]]
[2022.12.06-16.54.13:597][  0]LogConfig: Setting CVar [[r.Tonemapper.GrainQuantization:1]]
[2022.12.06-16.54.13:597][  0]LogConfig: Setting CVar [[r.LightShaftQuality:1]]
[2022.12.06-16.54.13:597][  0]LogConfig: Setting CVar [[r.Filter.SizeScale:1]]
[2022.12.06-16.54.13:597][  0]LogConfig: Setting CVar [[r.Tonemapper.Quality:5]]
[2022.12.06-16.54.13:597][  0]LogConfig: Setting CVar [[r.DOF.Gather.AccumulatorQuality:1        ; higher gathering accumulator quality]]
[2022.12.06-16.54.13:597][  0]LogConfig: Setting CVar [[r.DOF.Gather.PostfilterMethod:1          ; Median3x3 postfilering method]]
[2022.12.06-16.54.13:597][  0]LogConfig: Setting CVar [[r.DOF.Gather.EnableBokehSettings:0       ; no bokeh simulation when gathering]]
[2022.12.06-16.54.13:597][  0]LogConfig: Setting CVar [[r.DOF.Gather.RingCount:4                 ; medium number of samples when gathering]]
[2022.12.06-16.54.13:597][  0]LogConfig: Setting CVar [[r.DOF.Scatter.ForegroundCompositing:1    ; additive foreground scattering]]
[2022.12.06-16.54.13:597][  0]LogConfig: Setting CVar [[r.DOF.Scatter.BackgroundCompositing:2    ; additive background scattering]]
[2022.12.06-16.54.13:597][  0]LogConfig: Setting CVar [[r.DOF.Scatter.EnableBokehSettings:1      ; bokeh simulation when scattering]]
[2022.12.06-16.54.13:597][  0]LogConfig: Setting CVar [[r.DOF.Scatter.MaxSpriteRatio:0.1         ; only a maximum of 10% of scattered bokeh]]
[2022.12.06-16.54.13:597][  0]LogConfig: Setting CVar [[r.DOF.Recombine.Quality:1                ; cheap slight out of focus]]
[2022.12.06-16.54.13:597][  0]LogConfig: Setting CVar [[r.DOF.Recombine.EnableBokehSettings:0    ; no bokeh simulation on slight out of focus]]
[2022.12.06-16.54.13:597][  0]LogConfig: Setting CVar [[r.DOF.TemporalAAQuality:1                ; more stable temporal accumulation]]
[2022.12.06-16.54.13:597][  0]LogConfig: Setting CVar [[r.DOF.Kernel.MaxForegroundRadius:0.025]]
[2022.12.06-16.54.13:597][  0]LogConfig: Setting CVar [[r.DOF.Kernel.MaxBackgroundRadius:0.025]]
[2022.12.06-16.54.13:597][  0]LogConfig: Applying CVar settings from Section [TextureQuality@3] File [D:/Game/Game_name/Saved/Config/Windows/Scalability.ini]
[2022.12.06-16.54.13:597][  0]LogConfig: Setting CVar [[r.Streaming.MipBias:0]]
[2022.12.06-16.54.13:597][  0]LogConfig: Setting CVar [[r.Streaming.AmortizeCPUToGPUCopy:0]]
[2022.12.06-16.54.13:597][  0]LogConfig: Setting CVar [[r.Streaming.MaxNumTexturesToStreamPerFrame:0]]
[2022.12.06-16.54.13:598][  0]LogConfig: Setting CVar [[r.Streaming.Boost:1]]
[2022.12.06-16.54.13:598][  0]LogConfig: Setting CVar [[r.MaxAnisotropy:8]]
[2022.12.06-16.54.13:598][  0]LogConfig: Setting CVar [[r.VT.MaxAnisotropy:8]]
[2022.12.06-16.54.13:598][  0]LogConfig: Setting CVar [[r.Streaming.LimitPoolSizeToVRAM:0]]
[2022.12.06-16.54.13:598][  0]LogConfig: Setting CVar [[r.Streaming.PoolSize:1000]]
[2022.12.06-16.54.13:598][  0]LogConfig: Setting CVar [[r.Streaming.MaxEffectiveScreenSize:0]]
[2022.12.06-16.54.13:598][  0]LogConfig: Applying CVar settings from Section [EffectsQuality@3] File [D:/Game/Game_name/Saved/Config/Windows/Scalability.ini]
[2022.12.06-16.54.13:598][  0]LogConfig: Setting CVar [[r.TranslucencyLightingVolumeDim:64]]
[2022.12.06-16.54.13:598][  0]LogConfig: Setting CVar [[r.RefractionQuality:2]]
[2022.12.06-16.54.13:598][  0]LogConfig: Setting CVar [[r.SSR.Quality:3]]
[2022.12.06-16.54.13:598][  0]LogConfig: Setting CVar [[r.SSR.HalfResSceneColor:0]]
[2022.12.06-16.54.13:598][  0]LogConfig: Setting CVar [[r.SceneColorFormat:4]]
[2022.12.06-16.54.13:598][  0]LogConfig: Setting CVar [[r.DetailMode:2]]
[2022.12.06-16.54.13:598][  0]LogConfig: Setting CVar [[r.TranslucencyVolumeBlur:1]]
[2022.12.06-16.54.13:598][  0]LogConfig: Setting CVar [[r.MaterialQualityLevel:1 ; High quality]]
[2022.12.06-16.54.13:598][  0]LogConfig: Setting CVar [[r.AnisotropicMaterials:1]]
[2022.12.06-16.54.13:598][  0]LogConfig: Setting CVar [[r.SSS.Scale:1]]
[2022.12.06-16.54.13:598][  0]LogConfig: Setting CVar [[r.SSS.SampleSet:2]]
[2022.12.06-16.54.13:598][  0]LogConfig: Setting CVar [[r.SSS.Quality:1]]
[2022.12.06-16.54.13:598][  0]LogConfig: Setting CVar [[r.SSS.HalfRes:0]]
[2022.12.06-16.54.13:598][  0]LogConfig: Setting CVar [[r.SSGI.Quality:3]]
[2022.12.06-16.54.13:598][  0]LogConfig: Setting CVar [[r.EmitterSpawnRateScale:1.0]]
[2022.12.06-16.54.13:598][  0]LogConfig: Setting CVar [[r.ParticleLightQuality:2]]
[2022.12.06-16.54.13:598][  0]LogConfig: Setting CVar [[r.SkyAtmosphere.AerialPerspectiveLUT.FastApplyOnOpaque:1 ; Always have FastSkyLUT 1 in this case to avoid wrong sky]]
[2022.12.06-16.54.13:598][  0]LogConfig: Setting CVar [[r.SkyAtmosphere.AerialPerspectiveLUT.SampleCountMaxPerSlice:4]]
[2022.12.06-16.54.13:598][  0]LogConfig: Setting CVar [[r.SkyAtmosphere.AerialPerspectiveLUT.DepthResolution:16.0]]
[2022.12.06-16.54.13:598][  0]LogConfig: Setting CVar [[r.SkyAtmosphere.FastSkyLUT:1]]
[2022.12.06-16.54.13:598][  0]LogConfig: Setting CVar [[r.SkyAtmosphere.FastSkyLUT.SampleCountMin:4.0]]
[2022.12.06-16.54.13:598][  0]LogConfig: Setting CVar [[r.SkyAtmosphere.FastSkyLUT.SampleCountMax:128.0]]
[2022.12.06-16.54.13:598][  0]LogConfig: Setting CVar [[r.SkyAtmosphere.SampleCountMin:4.0]]
[2022.12.06-16.54.13:598][  0]LogConfig: Setting CVar [[r.SkyAtmosphere.SampleCountMax:128.0]]
[2022.12.06-16.54.13:598][  0]LogConfig: Setting CVar [[r.SkyAtmosphere.TransmittanceLUT.UseSmallFormat:0]]
[2022.12.06-16.54.13:598][  0]LogConfig: Setting CVar [[r.SkyAtmosphere.TransmittanceLUT.SampleCount:10.0]]
[2022.12.06-16.54.13:598][  0]LogConfig: Setting CVar [[r.SkyAtmosphere.MultiScatteringLUT.SampleCount:15.0]]
[2022.12.06-16.54.13:598][  0]LogConfig: Setting CVar [[r.SkyLight.RealTimeReflectionCapture:1]]
[2022.12.06-16.54.13:598][  0]LogConfig: Applying CVar settings from Section [FoliageQuality@3] File [D:/Game/Game_name/Saved/Config/Windows/Scalability.ini]
[2022.12.06-16.54.13:598][  0]LogConfig: Setting CVar [[foliage.DensityScale:1.0]]
[2022.12.06-16.54.13:598][  0]LogConfig: Setting CVar [[grass.DensityScale:1.0]]
[2022.12.06-16.54.13:598][  0]LogConfig: Applying CVar settings from Section [ShadingQuality@3] File [D:/Game/Game_name/Saved/Config/Windows/Scalability.ini]
[2022.12.06-16.54.13:598][  0]LogConfig: Setting CVar [[r.HairStrands.SkyLighting.IntegrationType:2]]
[2022.12.06-16.54.13:598][  0]LogConfig: Setting CVar [[r.HairStrands.SkyAO.SampleCount:4]]
[2022.12.06-16.54.13:598][  0]LogConfig: Setting CVar [[r.HairStrands.Visibility.MSAA.SamplePerPixel:4]]
[2022.12.06-16.54.13:598][  0]LogConfig: Applying CVar settings from Section [Startup] File [../../../Engine/Config/ConsoleVariables.ini]
[2022.12.06-16.54.13:599][  0]LogConfig: Setting CVar [[net.UseAdaptiveNetUpdateFrequency:0]]
[2022.12.06-16.54.13:599][  0]LogConfig: Setting CVar [[p.chaos.AllowCreatePhysxBodies:1]]
[2022.12.06-16.54.13:599][  0]LogConfig: Setting CVar [[fx.SkipVectorVMBackendOptimizations:1]]
[2022.12.06-16.54.13:599][  0]LogConfig: Applying CVar settings from Section [ConsoleVariables] File [D:/Game/Game_name/Saved/Config/Windows/Engine.ini]
[2022.12.06-16.54.13:599][  0]LogConfig: Applying CVar settings from Section [ConsoleVariables] File [D:/Game/Game_name/Saved/Config/Windows/Editor.ini]
[2022.12.06-16.54.13:599][  0]LogInit: Computer: MCDACKO
[2022.12.06-16.54.13:599][  0]LogInit: User: danie
[2022.12.06-16.54.13:599][  0]LogInit: CPU Page size=4096, Cores=4
[2022.12.06-16.54.13:599][  0]LogInit: High frequency timer resolution =10.000000 MHz
[2022.12.06-16.54.13:599][  0]LogMemory: Memory total: Physical=6.9GB (7GB approx)
[2022.12.06-16.54.13:599][  0]LogMemory: Platform Memory Stats for Windows
[2022.12.06-16.54.13:599][  0]LogMemory: Process Physical Memory: 144.71 MB used, 144.71 MB peak
[2022.12.06-16.54.13:599][  0]LogMemory: Process Virtual Memory: 115.42 MB used, 115.42 MB peak
[2022.12.06-16.54.13:599][  0]LogMemory: Physical Memory: 6675.41 MB used,  428.22 MB free, 7103.64 MB total
[2022.12.06-16.54.13:599][  0]LogMemory: Virtual Memory: 134210728.00 MB used,  7000.89 MB free, 134217728.00 MB total
[2022.12.06-16.54.13:611][  0]LogWindows: WindowsPlatformFeatures enabled
[2022.12.06-16.54.13:657][  0]LogInit: Physics initialised using underlying interface: PhysX
[2022.12.06-16.54.13:658][  0]LogInit: Using OS detected language (ru-RU).
[2022.12.06-16.54.13:658][  0]LogInit: Using OS detected locale (ru-RU).
[2022.12.06-16.54.13:663][  0]LogTextLocalizationManager: No specific localization for 'ru-RU' exists, so the 'ru' localization will be used.
[2022.12.06-16.54.13:664][  0]LogTextLocalizationResource: LocRes '../../../Engine/Content/Localization/Editor/ru/Editor.locres' could not be opened for reading!
[2022.12.06-16.54.13:664][  0]LogTextLocalizationResource: LocRes '../../../Engine/Content/Localization/EditorTutorials/ru/EditorTutorials.locres' could not be opened for reading!
[2022.12.06-16.54.13:664][  0]LogTextLocalizationResource: LocRes '../../../Engine/Content/Localization/Keywords/ru/Keywords.locres' could not be opened for reading!
[2022.12.06-16.54.13:664][  0]LogTextLocalizationResource: LocRes '../../../Engine/Content/Localization/Category/ru/Category.locres' could not be opened for reading!
[2022.12.06-16.54.13:664][  0]LogTextLocalizationResource: LocRes '../../../Engine/Content/Localization/ToolTips/ru/ToolTips.locres' could not be opened for reading!
[2022.12.06-16.54.13:664][  0]LogTextLocalizationResource: LocRes '../../../Engine/Content/Localization/PropertyNames/ru/PropertyNames.locres' could not be opened for reading!
[2022.12.06-16.54.13:664][  0]LogTextLocalizationResource: LocRes '../../../Engine/Content/Localization/Engine/ru/Engine.locres' could not be opened for reading!
[2022.12.06-16.54.13:667][  0]LogInit: Setting process to per monitor DPI aware
[2022.12.06-16.54.13:690][  0]LogWindowsTextInputMethodSystem: Display: IME system deactivated.
[2022.12.06-16.54.13:724][  0]LogSlate: New Slate User Created.  User Index 0, Is Virtual User: 0
[2022.12.06-16.54.13:724][  0]LogSlate: Slate User Registered.  User Index 0, Is Virtual User: 0
[2022.12.06-16.54.14:114][  0]LogD3D11RHI: Loaded GFSDK_Aftermath_Lib.x64.dll
[2022.12.06-16.54.14:121][  0]LogHMD: Failed to initialize OpenVR with code 102
[2022.12.06-16.54.14:121][  0]LogD3D11RHI: D3D11 min allowed feature level: 11_0
[2022.12.06-16.54.14:121][  0]LogD3D11RHI: D3D11 max allowed feature level: 11_0
[2022.12.06-16.54.14:121][  0]LogD3D11RHI: D3D11 adapters:
[2022.12.06-16.54.14:182][  0]LogD3D11RHI:    0. 'AMD Radeon(TM) Vega 8 Graphics' (Feature Level 11_0)
[2022.12.06-16.54.14:182][  0]LogD3D11RHI:       1009/0/3551 MB DedicatedVideo/DedicatedSystem/SharedSystem, Outputs:2, VendorId:0x1002
[2022.12.06-16.54.14:191][  0]LogD3D11RHI:    1. 'Microsoft Basic Render Driver' (Feature Level 11_0)
[2022.12.06-16.54.14:191][  0]LogD3D11RHI:       0/0/3551 MB DedicatedVideo/DedicatedSystem/SharedSystem, Outputs:0, VendorId:0x1414
[2022.12.06-16.54.14:238][  0]LogD3D11RHI:    2. 'AMD Radeon(TM) Vega 8 Graphics' (Feature Level 11_0)
[2022.12.06-16.54.14:238][  0]LogD3D11RHI:       1009/0/3551 MB DedicatedVideo/DedicatedSystem/SharedSystem, Outputs:0, VendorId:0x1002
[2022.12.06-16.54.14:282][  0]LogD3D11RHI:    3. 'AMD Radeon(TM) Vega 8 Graphics' (Feature Level 11_0)
[2022.12.06-16.54.14:282][  0]LogD3D11RHI:       1009/0/3551 MB DedicatedVideo/DedicatedSystem/SharedSystem, Outputs:0, VendorId:0x1002
[2022.12.06-16.54.14:282][  0]LogD3D11RHI: Chosen D3D11 Adapter:
[2022.12.06-16.54.14:283][  0]LogD3D11RHI:     Description : AMD Radeon(TM) Vega 8 Graphics
[2022.12.06-16.54.14:283][  0]LogD3D11RHI:     VendorId    : 1002
[2022.12.06-16.54.14:283][  0]LogD3D11RHI:     DeviceId    : 15d8
[2022.12.06-16.54.14:283][  0]LogD3D11RHI:     SubSysId    : 3e1919e5
[2022.12.06-16.54.14:283][  0]LogD3D11RHI:     Revision    : 00c2
[2022.12.06-16.54.14:283][  0]LogD3D11RHI:     DedicatedVideoMemory : 1058631680 bytes
[2022.12.06-16.54.14:283][  0]LogD3D11RHI:     DedicatedSystemMemory : 0 bytes
[2022.12.06-16.54.14:283][  0]LogD3D11RHI:     SharedSystemMemory : 3724351488 bytes
[2022.12.06-16.54.14:283][  0]LogD3D11RHI:     AdapterLuid : 0 89310
[2022.12.06-16.54.14:292][  0]LogD3D11RHI: Creating new Direct3DDevice
[2022.12.06-16.54.14:292][  0]LogD3D11RHI:     GPU DeviceId: 0x15d8 (for the marketing name, search the web for "GPU Device Id")
[2022.12.06-16.54.14:292][  0]LogWindows: EnumDisplayDevices:
[2022.12.06-16.54.14:292][  0]LogWindows:    0. 'AMD Radeon(TM) Vega 8 Graphics ' (P:0 D:1)
[2022.12.06-16.54.14:293][  0]LogWindows:    1. 'AMD Radeon(TM) Vega 8 Graphics ' (P:1 D:1)
[2022.12.06-16.54.14:293][  0]LogWindows:    2. 'AMD Radeon(TM) Vega 8 Graphics ' (P:0 D:0)
[2022.12.06-16.54.14:294][  0]LogWindows:    3. 'AMD Radeon(TM) Vega 8 Graphics ' (P:0 D:0)
[2022.12.06-16.54.14:294][  0]LogWindows:    4. 'AMD Radeon(TM) Vega 8 Graphics ' (P:0 D:0)
[2022.12.06-16.54.14:294][  0]LogWindows:    5. 'Parsec Virtual Display Adapter' (P:0 D:0)
[2022.12.06-16.54.14:294][  0]LogWindows:    6. 'Parsec Virtual Display Adapter' (P:0 D:0)
[2022.12.06-16.54.14:296][  0]LogWindows:    7. 'Parsec Virtual Display Adapter' (P:0 D:0)
[2022.12.06-16.54.14:296][  0]LogWindows:    8. 'Parsec Virtual Display Adapter' (P:0 D:0)
[2022.12.06-16.54.14:296][  0]LogWindows:    9. 'Parsec Virtual Display Adapter' (P:0 D:0)
[2022.12.06-16.54.14:296][  0]LogWindows:    10. 'Parsec Virtual Display Adapter' (P:0 D:0)
[2022.12.06-16.54.14:296][  0]LogWindows:    11. 'Parsec Virtual Display Adapter' (P:0 D:0)
[2022.12.06-16.54.14:296][  0]LogWindows:    12. 'Parsec Virtual Display Adapter' (P:0 D:0)
[2022.12.06-16.54.14:296][  0]LogWindows:    13. 'Parsec Virtual Display Adapter' (P:0 D:0)
[2022.12.06-16.54.14:296][  0]LogWindows:    14. 'Parsec Virtual Display Adapter' (P:0 D:0)
[2022.12.06-16.54.14:297][  0]LogWindows:    15. 'Parsec Virtual Display Adapter' (P:0 D:0)
[2022.12.06-16.54.14:297][  0]LogWindows:    16. 'Parsec Virtual Display Adapter' (P:0 D:0)
[2022.12.06-16.54.14:297][  0]LogWindows:    17. 'Parsec Virtual Display Adapter' (P:0 D:0)
[2022.12.06-16.54.14:297][  0]LogWindows:    18. 'Parsec Virtual Display Adapter' (P:0 D:0)
[2022.12.06-16.54.14:298][  0]LogWindows:    19. 'Parsec Virtual Display Adapter' (P:0 D:0)
[2022.12.06-16.54.14:298][  0]LogWindows:    20. 'Parsec Virtual Display Adapter' (P:0 D:0)
[2022.12.06-16.54.14:298][  0]LogWindows:    21. 'Virtual Display Device' (P:0 D:0)
[2022.12.06-16.54.14:298][  0]LogWindows: DebugString: PrimaryIsNotTheChoosenAdapter PrimaryIsNotTheChoosenAdapter PrimaryIsNotTheChoosenAdapter PrimaryIsNotTheChoosenAdapter PrimaryIsNotTheChoosenAdapter GetVideoDriverDetailsInvalid PrimaryIsNotTheChoosenAdapter GetVideoDriverDetailsInvalid PrimaryIsNotTheChoosenAdapter GetVideoDriverDetailsInvalid PrimaryIsNotTheChoosenAdapter GetVideoDriverDetailsInvalid PrimaryIsNotTheChoosenAdapter GetVideoDriverDetailsInvalid PrimaryIsNotTheChoosenAdapter GetVideoDriverDetailsInvalid PrimaryIsNotTheChoosenAdapter GetVideoDriverDetailsInvalid PrimaryIsNotTheChoosenAdapter GetVideoDriverDetailsInvalid PrimaryIsNotTheChoosenAdapter GetVideoDriverDetailsInvalid PrimaryIsNotTheChoosenAdapter GetVideoDriverDetailsInvalid PrimaryIsNotTheChoosenAdapter GetVideoDriverDetailsInvalid PrimaryIsNotTheChoosenAdapter GetVideoDriverDetailsInvalid PrimaryIsNotTheChoosenAdapter GetVideoDriverDetailsInvalid PrimaryIsNotTheChoosenAdapter GetVideoDriverDetailsInvalid PrimaryIsNotTheChoosenAdapter GetVideoDriverDetailsInvalid PrimaryIsNotTheChoosenAdapter GetVideoDriverDetailsInvalid PrimaryIsNotTheChoosenAdapter GetVideoDriverDetailsInvalid PrimaryIsNotTheChoosenAdapter FoundDriverCount:0 
[2022.12.06-16.54.14:298][  0]LogD3D11RHI:     Adapter Name: AMD Radeon(TM) Vega 8 Graphics
[2022.12.06-16.54.14:298][  0]LogD3D11RHI:   Driver Version: Unknown (internal:Unknown, unified:Unknown)
[2022.12.06-16.54.14:298][  0]LogD3D11RHI:      Driver Date: Unknown
[2022.12.06-16.54.14:298][  0]LogRHI: Texture pool is 2873 MB (70% of 4105 MB)
[2022.12.06-16.54.14:361][  0]LogD3D11RHI: Creating D3DDevice with AMD AGS, using adapter:
[2022.12.06-16.54.14:362][  0]LogD3D11RHI:     Description : AMD Radeon(TM) Vega 8 Graphics
[2022.12.06-16.54.14:362][  0]LogD3D11RHI:     VendorId    : 1002
[2022.12.06-16.54.14:362][  0]LogD3D11RHI:     DeviceId    : 15d8
[2022.12.06-16.54.14:362][  0]LogD3D11RHI:     SubSysId    : 3e1919e5
[2022.12.06-16.54.14:362][  0]LogD3D11RHI:     Revision    : 00c2
[2022.12.06-16.54.14:362][  0]LogD3D11RHI:     DedicatedVideoMemory : 1058631680 bytes
[2022.12.06-16.54.14:362][  0]LogD3D11RHI:     DedicatedSystemMemory : 0 bytes
[2022.12.06-16.54.14:362][  0]LogD3D11RHI:     SharedSystemMemory : 3724351488 bytes
[2022.12.06-16.54.14:362][  0]LogD3D11RHI:     AdapterLuid : 0 89310
[2022.12.06-16.54.14:412][  0]LogD3D11RHI: Created device via AGS, feature level 11_0, supported extensions 1fffffbf.
[2022.12.06-16.54.14:412][  0]LogD3D11RHI: RHI has support for 64 bit atomics
[2022.12.06-16.54.14:412][  0]LogD3D11RHI: Async texture creation enabled
[2022.12.06-16.54.14:412][  0]LogD3D11RHI: Array index from any shader is supported
[2022.12.06-16.54.14:431][  0]LogD3D11RHI: GPU Timing Frequency: 25.000000 (Debug: 2 1)
[2022.12.06-16.54.15:300][  0]LogTargetPlatformManager: Display: Loaded TargetPlatform 'AllDesktop'
[2022.12.06-16.54.15:339][  0]LogTargetPlatformManager: Display: Loaded TargetPlatform 'Android'
[2022.12.06-16.54.15:339][  0]LogTargetPlatformManager: Display: Loaded TargetPlatform 'Android_ASTC'
[2022.12.06-16.54.15:339][  0]LogTargetPlatformManager: Display: Loaded TargetPlatform 'Android_DXT'
[2022.12.06-16.54.15:339][  0]LogTargetPlatformManager: Display: Loaded TargetPlatform 'Android_ETC2'
[2022.12.06-16.54.15:339][  0]LogTargetPlatformManager: Display: Loaded TargetPlatform 'AndroidClient'
[2022.12.06-16.54.15:339][  0]LogTargetPlatformManager: Display: Loaded TargetPlatform 'Android_ASTCClient'
[2022.12.06-16.54.15:339][  0]LogTargetPlatformManager: Display: Loaded TargetPlatform 'Android_DXTClient'
[2022.12.06-16.54.15:339][  0]LogTargetPlatformManager: Display: Loaded TargetPlatform 'Android_ETC2Client'
[2022.12.06-16.54.15:339][  0]LogTargetPlatformManager: Display: Loaded TargetPlatform 'Android_Multi'
[2022.12.06-16.54.15:339][  0]LogTargetPlatformManager: Display: Loaded TargetPlatform 'Android_MultiClient'
[2022.12.06-16.54.15:373][  0]LogTargetPlatformManager: Display: Loaded TargetPlatform 'IOSClient'
[2022.12.06-16.54.15:373][  0]LogTargetPlatformManager: Display: Loaded TargetPlatform 'IOS'
[2022.12.06-16.54.15:391][  0]LogTargetPlatformManager: Display: Loaded TargetPlatform 'Linux'
[2022.12.06-16.54.15:398][  0]LogTargetPlatformManager: Display: Loaded TargetPlatform 'LinuxNoEditor'
[2022.12.06-16.54.15:407][  0]LogTargetPlatformManager: Display: Loaded TargetPlatform 'LinuxClient'
[2022.12.06-16.54.15:415][  0]LogTargetPlatformManager: Display: Loaded TargetPlatform 'LinuxServer'
[2022.12.06-16.54.15:430][  0]LogTargetPlatformManager: Display: Loaded TargetPlatform 'LinuxAArch64NoEditor'
[2022.12.06-16.54.15:437][  0]LogTargetPlatformManager: Display: Loaded TargetPlatform 'LinuxAArch64Client'
[2022.12.06-16.54.15:444][  0]LogTargetPlatformManager: Display: Loaded TargetPlatform 'LinuxAArch64Server'
[2022.12.06-16.54.15:482][  0]LogTargetPlatformManager: Display: Loaded TargetPlatform 'Lumin'
[2022.12.06-16.54.15:482][  0]LogTargetPlatformManager: Display: Loaded TargetPlatform 'LuminClient'
[2022.12.06-16.54.15:494][  0]LogTargetPlatformManager: Display: Loaded TargetPlatform 'MacNoEditor'
[2022.12.06-16.54.15:501][  0]LogTargetPlatformManager: Display: Loaded TargetPlatform 'Mac'
[2022.12.06-16.54.15:508][  0]LogTargetPlatformManager: Display: Loaded TargetPlatform 'MacClient'
[2022.12.06-16.54.15:515][  0]LogTargetPlatformManager: Display: Loaded TargetPlatform 'MacServer'
[2022.12.06-16.54.15:532][  0]LogTargetPlatformManager: Display: Loaded TargetPlatform 'TVOSClient'
[2022.12.06-16.54.15:532][  0]LogTargetPlatformManager: Display: Loaded TargetPlatform 'TVOS'
[2022.12.06-16.54.15:545][  0]LogTargetPlatformManager: Display: Loaded TargetPlatform 'WindowsNoEditor'
[2022.12.06-16.54.15:552][  0]LogTargetPlatformManager: Display: Loaded TargetPlatform 'Windows'
[2022.12.06-16.54.15:559][  0]LogTargetPlatformManager: Display: Loaded TargetPlatform 'WindowsClient'
[2022.12.06-16.54.15:566][  0]LogTargetPlatformManager: Display: Loaded TargetPlatform 'WindowsServer'
[2022.12.06-16.54.15:566][  0]LogTargetPlatformManager: Display: Building Assets For Windows
[2022.12.06-16.54.15:584][  0]LogAudioDebug: Display: Lib vorbis DLL was dynamically loaded.
[2022.12.06-16.54.15:633][  0]LogTextureFormatOodle: Display: Oodle Texture 2.9.0 init RDO Off
[2022.12.06-16.54.15:686][  0]LogRendererCore: Ray tracing is disabled. Reason: r.RayTracing=0.
[2022.12.06-16.54.15:686][  0]LogShaderCompilers: Guid format shader working directory is 16 characters bigger than the processId version (../../../../../Game/Game_name/Intermediate/Shaders/WorkingDirectory/20300/).
[2022.12.06-16.54.15:686][  0]LogShaderCompilers: Cleaned the shader compiler working directory 'C:/Users/danie/AppData/Local/Temp/UnrealShaderWorkingDir/F4FBE3FB4E71D31B2DBF559B3AFB01B9/'.
[2022.12.06-16.54.15:687][  0]LogXGEController: Cannot use XGE Controller as Incredibuild is not installed on this machine.
[2022.12.06-16.54.15:687][  0]LogShaderCompilers: Cannot use XGE Shader Compiler as Incredibuild is not installed on this machine.
[2022.12.06-16.54.15:687][  0]LogShaderCompilers: Display: Using Local Shader Compiler.
[2022.12.06-16.54.16:854][  0]LogDerivedDataCache: Display: Max Cache Size: 512 MB
[2022.12.06-16.54.16:942][  0]LogDerivedDataCache: Loaded boot cache 0.09s 94MB C:/Users/danie/AppData/Local/UnrealEngine/4.27/DerivedDataCache/Boot.ddc.
[2022.12.06-16.54.16:942][  0]LogDerivedDataCache: Display: Loaded Boot cache: C:/Users/danie/AppData/Local/UnrealEngine/4.27/DerivedDataCache/Boot.ddc
[2022.12.06-16.54.16:942][  0]LogDerivedDataCache: FDerivedDataBackendGraph:  Pak pak cache file ../../../../../Game/Game_name/DerivedDataCache/DDC.ddp not found, will not use a pak cache.
[2022.12.06-16.54.16:942][  0]LogDerivedDataCache: Unable to find inner node Pak for hierarchical cache Hierarchy.
[2022.12.06-16.54.16:942][  0]LogDerivedDataCache: FDerivedDataBackendGraph:  CompressedPak pak cache file ../../../../../Game/Game_name/DerivedDataCache/Compressed.ddp not found, will not use a pak cache.
[2022.12.06-16.54.16:942][  0]LogDerivedDataCache: Unable to find inner node CompressedPak for hierarchical cache Hierarchy.
[2022.12.06-16.54.16:969][  0]LogDerivedDataCache: Display: Pak cache opened for reading ../../../Engine/DerivedDataCache/Compressed.ddp.
[2022.12.06-16.54.16:969][  0]LogDerivedDataCache: FDerivedDataBackendGraph:  EnterprisePak pak cache file ../../../Enterprise/DerivedDataCache/Compressed.ddp not found, will not use a pak cache.
[2022.12.06-16.54.16:969][  0]LogDerivedDataCache: Unable to find inner node EnterprisePak for hierarchical cache Hierarchy.
[2022.12.06-16.54.16:985][  0]LogDerivedDataCache: Speed tests for C:/Users/danie/AppData/Local/UnrealEngine/Common/DerivedDataCache took 0.02 seconds
[2022.12.06-16.54.16:985][  0]LogDerivedDataCache: Display: Performance to C:/Users/danie/AppData/Local/UnrealEngine/Common/DerivedDataCache: Latency=0.06ms. RandomReadSpeed=155.20MBs, RandomWriteSpeed=104.70MBs. Assigned SpeedClass 'Local'
[2022.12.06-16.54.16:986][  0]LogDerivedDataCache: Using Local data cache path C:/Users/danie/AppData/Local/UnrealEngine/Common/DerivedDataCache: Writable
[2022.12.06-16.54.16:986][  0]LogDerivedDataCache: Shared data cache path not found in *engine.ini, will not use an Shared cache.
[2022.12.06-16.54.16:986][  0]LogDerivedDataCache: Unable to find inner node Shared for hierarchical cache Hierarchy.
[2022.12.06-16.54.17:044][  0]LogSlate: Using FreeType 2.10.0
[2022.12.06-16.54.17:045][  0]LogSlate: SlateFontServices - WITH_FREETYPE: 1, WITH_HARFBUZZ: 1
[2022.12.06-16.54.17:081][  0]LogAssetRegistry: FAssetRegistry took 0.0043 seconds to start up
[2022.12.06-16.54.17:464][  0]LogInit: Selected Device Profile: [Windows]
[2022.12.06-16.54.17:464][  0]LogInit: Active device profile: [000002219C043200][000002219509D500 49] Windows
[2022.12.06-16.54.17:464][  0]LogInit: Profiles: [000002219C043200][000002219509D500 49] Windows, [000002219D409100][000002219BBF7680 49] WindowsNoEditor, [000002219C041000][000002219BBFB800 49] WindowsServer, [000002219D40B000][000002219CDCF980 49] WindowsClient, [000002219C042F00][000002219CDD3B00 49] IOS, [000002219D409500][000002219CDD6100 49] iPadAir, [000002219C041400][000002219CDDA280 49] iPadAir2, [000002219D3C8200][000002219CDE2540 49] IPadPro, [000002219D3C8300][000002219CDDE580 49] iPadAir3, [000002219C042B00][000002219BBF26C0 49] iPadAir4, [000002219D3CAA00][000002219CDE6800 49] iPadMini2, [000002219C041600][000002219CDEA940 49] iPadMini3, [000002219D3C9700][000002219CDF2AC0 49] iPadMini4, [000002219C042700][0000022190182C40 49] iPadMini5, [000002219D3F3A00][000002219018AF00 49] iPhone6, [000002219D3F3B00][0000022190186F40 49] iPodTouch6, [000002219D3CBA00][0000022190193200 49] iPhone7, [000002219D3CA900][000002219018F240 49] iPodTouch7, [000002219D3F1300][00000221901973C0 49] iPhone5S, [000002219D3C9600][000002219019B540 49] iPhone6Plus, [000002219D3F2B00][000002219019F6C0 49] iPhone6S, [000002219D3CA600][00000221901A3840 49] iPhone6SPlus, [000002219D3F1800][00000221901A79C0 49] iPhone7Plus, [000002219D3C9A00][00000221901ABB40 49] iPhoneSE, [000002219D3F3D00][000002219CDF6140 49] iPhone8, [000002219D3C9100][000002219CDFA2C0 49] iPhone8Plus, [000002219D3F1200][000002219CDFE440 49] iPhoneX, [000002219D3C9B00][000002219CE025C0 49] iPhoneXS, [000002219D3F2800][000002219CE06740 49] iPhoneXSMax, [000002219D3CB100][000002219CDEE880 49] iPhoneXR, [000002219D3F3900][000002219CE0A9C0 49] iPhone11, [000002219D3CB700][000002219CE0EB00 49] iPhone11Pro, [000002219D3F2C00][000002219CE16C80 49] iPhone11ProMax, [000002219D3C9200][000002219CE1AE00 49] iPhoneSE2, [000002219D3F1F00][000002219CE1EF80 49] iPhone12Mini, [000002219D3C9C00][000002219CE23100 49] iPhone12, [000002219D3F2100][000002219CE27280 49] iPhone12Pro, [000002219D3C9300][000002219CE2B400 49] iPhone12ProMax, [000002219D3F2200][000002219CE2F580 49] iPadPro105, [000002219D3CAE00][000002219CE33700 49] iPadPro129, [000002219D3F2000][000002219CE37880 49] iPadPro97, [000002219D3CAF00][000002219CE3BA00 49] iPadPro2_129, [000002219D3F3C00][000002219CE3FB80 49] iPad5, [000002219D3C9000][000002219CE42180 49] iPad6, [000002219D3F0300][000002219CE46300 49] iPad7, [000002219D3CBB00][000002219CE4A480 49] iPad8, [000002219D3F3800][000002219CE4E600 49] iPadPro11, [000002219D3CBE00][000002219CE52780 49] iPadPro2_11, [000002219D3F0500][000002219CE56900 49] iPadPro3_129, [000002219D3CAB00][000002219CE12A40 49] iPadPro4_129, [000002219D3F2700][000002219CE5AB80 49] AppleTV, [000002219D3CAC00][000002219CE5ECC0 49] AppleTV4K, [000002219D3F3100][000002219CE66E40 49] TVOS, [000002219D3CB500][000002219CE6AFC0 49] Mac, [000002219D3F0D00][000002219CE6F140 49] MacClient, [000002219D3CA100][000002219CE732C0 49] MacNoEditor, [000002219D3F2400][000002219CE77440 49] MacServer, [000002219D3CA800][000002219CE7B5C0 49] Linux, [000002219D3F0200][000002219CE7F740 49] LinuxAArch64, [000002219D3CB400][000002219CE838C0 49] LinuxNoEditor, [000002219D3F1600][000002219CE87A40 49] LinuxAArch64NoEditor, [000002219D40BA00][000002219CE8BBC0 49] LinuxClient, [000002219C089700][000002219CE8E1C0 49] LinuxAArch64Client, [000002219D409200][000002219CE92340 49] LinuxServer, [000002219C088100][000002219CE964C0 49] LinuxAArch64Server, [000002219D409600][000002219CE9A640 49] Android, [000002219C089600][000002219CE9E7C0 49] Android_Low, [000002219D409400][000002219CEA2940 49] Android_Mid, [000002219C088E00][000002219CEA6AC0 49] Android_High, [000002219D40AB00][000002219CE62C00 49] Android_Default, [000002219C088200][000002219CEAAD40 49] Android_Adreno4xx, [000002219D40BE00][000002219CEAEE80 49] Android_Adreno5xx_Low, [000002219C088300][000002219CEB2FC0 49] Android_Adreno5xx, [000002219D40AD00][000002219CEBB140 49] Android_Adreno6xx, [000002219C088D00][000002219CEBF2C0 49] Android_Adreno6xx_Vulkan, [000002219D408800][000002219CEC3440 49] Android_Mali_T6xx, [000002219C089100][000002219CEC75C0 49] Android_Mali_T7xx, [000002219D408A00][000002219CECB740 49] Android_Mali_T8xx, [000002219C089D00][000002219CECF8C0 49] Android_Mali_G71, [000002219D409E00][000002219CED3A40 49] Android_Mali_G72, [000002219C089000][000002219CED7BC0 49] Android_Mali_G72_Vulkan, [000002219D3F3400][000002219CEDA1C0 49] Android_Mali_G76, [000002219D3C9800][000002219CF4E340 49] Android_Mali_G76_Vulkan, [000002219D3F2900][000002219CF524C0 49] Android_Mali_G77, [000002219D3CB900][000002219CF96640 49] Android_Mali_G77_Vulkan, [000002219D3F3E00][000002219CF9E7C0 49] Android_Mali_G78, [000002219D3C9D00][000002219CFB6940 49] Android_Mali_G78_Vulkan, [000002219D3F3700][000002219CFBEAC0 49] Android_Mali_G710, [000002219D3C8D00][000002219CFDAC40 49] Android_Mali_G710_Vulkan, [000002219D3F1A00][000002219CEB6D80 49] Android_Vulkan_SM5, [000002219D3C9400][000002219CFEEEC0 49] Android_PowerVR_G6xxx, [000002219D3F3300][000002219CFF3000 49] Android_PowerVR_GT7xxx, [000002219D3CB000][000002219CFF7140 49] Android_PowerVR_GE8xxx, [000002219D3F3600][000002219CFFF2C0 49] Android_PowerVR_GM9xxx, [000002219D3CA300][000002219D007440 49] Android_PowerVR_GM9xxx_Vulkan, [000002219D3F2600][000002219E41D5C0 49] Android_TegraK1, [000002219D3C8900][000002219D00B740 49] Android_Unknown_Vulkan, [000002219D3F0F00][000002219B98B8C0 49] Lumin, [000002219C088600][000002219B98FA40 49] Lumin_Desktop, [000002219D3F1500][000002219E091BC0 49] HoloLens, 
[2022.12.06-16.54.17:546][  0]LogMeshReduction: Using QuadricMeshReduction for automatic static mesh reduction
[2022.12.06-16.54.17:546][  0]LogMeshReduction: Using SimplygonMeshReduction for automatic skeletal mesh reduction
[2022.12.06-16.54.17:546][  0]LogMeshReduction: Using ProxyLODMeshReduction for automatic mesh merging
[2022.12.06-16.54.17:546][  0]LogMeshReduction: No distributed automatic mesh merging module available
[2022.12.06-16.54.17:546][  0]LogMeshMerging: No distributed automatic mesh merging module available
[2022.12.06-16.54.17:674][  0]LogNetVersion: Game_name 1.0.0, NetCL: 17155196, EngineNetVer: 17, GameNetVer: 0 (Checksum: 1216644528)
[2022.12.06-16.54.18:249][  0]LogTexture: Default maximum texture size for cubemaps generated from long-lat sources has been changed from 512 to unlimited. In order to preserve old behaiour for '/Engine/MapTemplates/Sky/DaylightAmbientCubemap.DaylightAmbientCubemap', its maximum texture size has been explicitly set to 512.
[2022.12.06-16.54.18:325][  0]LogHMD: PokeAHoleMaterial loaded successfully
[2022.12.06-16.54.18:333][  0]LogUObjectArray: 17178 objects as part of root set at end of initial load.
[2022.12.06-16.54.18:334][  0]LogUObjectAllocator: 4302048 out of 0 bytes used by permanent object pool.
[2022.12.06-16.54.18:334][  0]LogUObjectArray: CloseDisregardForGC: 0/0 objects in disregard for GC pool
[2022.12.06-16.54.18:799][  0]LogNiagaraDebuggerClient: Niagara Debugger Client Initialized | Session: EBA026EE46C3447F8D8D0DAE7944838F | Instance: 8D56B84E4DD22259CFA66085D23B2F94 (MCDACKO-20300).
[2022.12.06-16.54.18:859][  0]LogPython: Using Python 3.7.7
[2022.12.06-16.54.19:711][  0]LogTcpMessaging: Initializing TcpMessaging bridge
[2022.12.06-16.54.19:721][  0]LogUdpMessaging: Initializing bridge on interface 0.0.0.0:0 to multicast group 230.0.0.1:6666.
[2022.12.06-16.54.20:284][  0]SourceControl: Source control is disabled
[2022.12.06-16.54.20:284][  0]SourceControl: Source control is disabled
[2022.12.06-16.54.20:291][  0]SourceControl: Source control is disabled
[2022.12.06-16.54.20:296][  0]SourceControl: Source control is disabled
[2022.12.06-16.54.20:315][  0]SourceControl: Source control is disabled
[2022.12.06-16.54.20:433][  0]LogUProjectInfo: Found projects:
[2022.12.06-16.54.20:480][  0]LogOpenImageDenoise: OIDN starting up
[2022.12.06-16.54.20:569][  0]LogAndroidPermission: UAndroidPermissionCallbackProxy::GetInstance
[2022.12.06-16.54.20:604][  0]LogAudioCaptureCore: Display: No Audio Capture implementations found. Audio input will be silent.
[2022.12.06-16.54.20:604][  0]LogAudioCaptureCore: Display: No Audio Capture implementations found. Audio input will be silent.
[2022.12.06-16.54.20:827][  0]LogCollectionManager: Loaded 0 collections in 0.001189 seconds
[2022.12.06-16.54.20:867][  0]LogFileCache: Scanning file cache for directory 'D:/Game/Game_name/Saved/Collections/' took 0.00s
[2022.12.06-16.54.20:867][  0]LogFileCache: Scanning file cache for directory 'D:/Game/Game_name/Content/Developers/danie/Collections/' took 0.00s
[2022.12.06-16.54.20:867][  0]LogFileCache: Scanning file cache for directory 'D:/Game/Game_name/Content/Collections/' took 0.00s
[2022.12.06-16.54.20:867][  0]LogOcInput: OculusInput pre-init called
[2022.12.06-16.54.21:215][  0]LogEngine: Initializing Engine...
[2022.12.06-16.54.21:228][  0]LogHMD: Failed to enumerate extensions. Please check that you have a valid OpenXR runtime installed.
[2022.12.06-16.54.21:229][  0]LogHMD: Failed to initialize OpenVR with code 102
[2022.12.06-16.54.21:229][  0]LogMagicLeap: Warning: VR disabled because ZI is not enabled.  To enable, in the editor, Edit -> Project Settings -> Plugins -> Magic Leap Plugin -> Enable Zero Iteration
[2022.12.06-16.54.21:231][  0]LogStats: UGameplayTagsManager::InitializeManager -  0.000 s
[2022.12.06-16.54.21:402][  0]LogInit: Initializing FReadOnlyCVARCache
[2022.12.06-16.54.21:419][  0]LogAIModule: Creating AISystem for world Untitled
[2022.12.06-16.54.21:439][  0]LogAudio: Display: Initializing Audio Device Manager...
[2022.12.06-16.54.21:446][  0]LogAudio: Display: Loading Default Audio Settings Objects...
[2022.12.06-16.54.21:447][  0]LogAudio: Display: No default SoundConcurrencyObject specified (or failed to load).
[2022.12.06-16.54.21:448][  0]LogAudio: Display: Audio Device Manager Initialized
[2022.12.06-16.54.21:448][  0]LogAudio: Display: Creating Audio Device:                 Id: 1, Scope: Shared, Realtime: True
[2022.12.06-16.54.21:448][  0]LogAudioMixer: Display: Audio Mixer Platform Settings:
[2022.12.06-16.54.21:448][  0]LogAudioMixer: Display: 	Sample Rate:						  48000
[2022.12.06-16.54.21:448][  0]LogAudioMixer: Display: 	Callback Buffer Frame Size Requested: 1024
[2022.12.06-16.54.21:448][  0]LogAudioMixer: Display: 	Callback Buffer Frame Size To Use:	  1024
[2022.12.06-16.54.21:448][  0]LogAudioMixer: Display: 	Number of buffers to queue:			  2
[2022.12.06-16.54.21:448][  0]LogAudioMixer: Display: 	Max Channels (voices):				  32
[2022.12.06-16.54.21:448][  0]LogAudioMixer: Display: 	Number of Async Source Workers:		  0
[2022.12.06-16.54.21:448][  0]LogAudio: Display: AudioDevice MaxSources: 32
[2022.12.06-16.54.21:448][  0]LogAudio: Display: Audio Spatialization Plugin: None (built-in).
[2022.12.06-16.54.21:448][  0]LogAudio: Display: Audio Reverb Plugin: None (built-in).
[2022.12.06-16.54.21:448][  0]LogAudio: Display: Audio Occlusion Plugin: None (built-in).
[2022.12.06-16.54.21:448][  0]LogAudioMixer: Display: Initializing audio mixer.
[2022.12.06-16.54.21:509][  0]LogAudioMixer: Display: 0: FrontLeft
[2022.12.06-16.54.21:509][  0]LogAudioMixer: Display: 1: FrontRight
[2022.12.06-16.54.21:538][  0]LogAudioMixer: Display: Using Audio Device Динамики (Realtek(R) Audio)
[2022.12.06-16.54.21:542][  0]LogAudioMixer: Display: Initializing Sound Submixes...
[2022.12.06-16.54.21:547][  0]LogAudioMixer: Display: Creating Master Submix 'MasterSubmixDefault'
[2022.12.06-16.54.21:547][  0]LogAudioMixer: Display: Creating Master Submix 'MasterReverbSubmixDefault'
[2022.12.06-16.54.21:547][  0]LogAudioMixer: Display: Creating Master Submix 'MasterEQSubmixDefault'
[2022.12.06-16.54.21:547][  0]LogAudioMixer: FMixerPlatformXAudio2::StartAudioStream() called
[2022.12.06-16.54.21:547][  0]LogAudioMixer: Display: Output buffers initialized: Frames=1024, Channels=2, Samples=2048
[2022.12.06-16.54.21:549][  0]LogAudioMixer: Display: Starting AudioMixerPlatformInterface::RunInternal()
[2022.12.06-16.54.21:549][  0]LogAudioMixer: Display: FMixerPlatformXAudio2::SubmitBuffer() called for the first time
[2022.12.06-16.54.21:549][  0]LogInit: FAudioDevice initialized.
[2022.12.06-16.54.21:549][  0]LogAudio: Display: Audio Device (ID: 1) registered with world 'Untitled'.
[2022.12.06-16.54.21:550][  0]LogNetVersion: Set ProjectVersion to 1.0.0.0. Version Checksum will be recalculated on next use.
[2022.12.06-16.54.21:664][  0]LogDerivedDataCache: Saved boot cache 0.11s 94MB C:/Users/danie/AppData/Local/UnrealEngine/4.27/DerivedDataCache/Boot.ddc.
[2022.12.06-16.54.21:664][  0]LogInit: Texture streaming: Enabled
[2022.12.06-16.54.21:686][  0]LogAnalytics: Display: [UEEditor.Rocket.Release] APIServer = https://datarouter.ol.epicgames.com/. AppVersion = 4.27.2-18319896+++UE4+Release-4.27
[2022.12.06-16.54.21:691][  0]LogEngineSessionManager: EngineSessionManager initialized
[2022.12.06-16.54.21:691][  0]LogEditorSessionSummary: Verbose: Initializing EditorSessionSummaryWriter for editor session tracking
[2022.12.06-16.54.21:693][  0]LogEditorSessionSummary: EditorSessionSummaryWriter initialized
[2022.12.06-16.54.21:736][  0]LogInit: Transaction tracking system initialized
[2022.12.06-16.54.21:774][  0]BlueprintLog: New page: Editor Load
[2022.12.06-16.54.21:870][  0]LocalizationService: Localization service is disabled
[2022.12.06-16.54.21:908][  0]TimingProfiler: Initialize
[2022.12.06-16.54.21:909][  0]TimingProfiler: OnSessionChanged
[2022.12.06-16.54.21:909][  0]LoadingProfiler: Initialize
[2022.12.06-16.54.21:909][  0]LoadingProfiler: OnSessionChanged
[2022.12.06-16.54.21:909][  0]NetworkingProfiler: Initialize
[2022.12.06-16.54.21:909][  0]NetworkingProfiler: OnSessionChanged
[2022.12.06-16.54.21:909][  0]MemoryProfiler: Initialize
[2022.12.06-16.54.21:909][  0]MemoryProfiler: OnSessionChanged
[2022.12.06-16.54.22:141][  0]LogCook: Display: CookSettings for Memory: MemoryMaxUsedVirtual 0MiB, MemoryMaxUsedPhysical 16384MiB, MemoryMinFreeVirtual 0MiB, MemoryMinFreePhysical 1024MiB
[2022.12.06-16.54.22:141][  0]LogCook: Display: Mobile HDR setting 1
[2022.12.06-16.54.22:454][  0]LogFileCache: Scanning file cache for directory 'D:/Game/Game_name/Content/' took 0.00s
[2022.12.06-16.54.22:703][  0]LogInit: Display: Engine is initialized. Leaving FEngineLoop::Init()
[2022.12.06-16.54.22:708][  0]SourceControl: Source control is disabled
[2022.12.06-16.54.22:859][  0]LogSlate: Took 0.000733 seconds to synchronously load lazily loaded font '../../../Engine/Content/Slate/Fonts/Roboto-Regular.ttf' (155K)
[2022.12.06-16.54.28:405][  0]LogSlate: Window 'Restore Packages' being destroyed
[2022.12.06-16.54.30:996][  0]LogSlate: Window 'Unable to Check Out From Source Control!' being destroyed
[2022.12.06-16.54.31:014][  0]Message dialog closed, result: Ok, title: Unable to Check Out From Source Control!, text: The following assets could not be successfully checked out from source control:
/Game/Maps/Main_Tower
[2022.12.06-16.54.31:051][  0]LogUnrealEdMisc: Loading editor; pre map load, took 19.395
[2022.12.06-16.54.31:053][  0]Cmd: MAP LOAD FILE="../../../Engine/Content/Maps/Templates/Template_Default.umap" TEMPLATE=1 SHOWPROGRESS=1 FEATURELEVEL=3
[2022.12.06-16.54.31:056][  0]LightingResults: New page: Lighting Build
[2022.12.06-16.54.31:061][  0]LogWorld: UWorld::CleanupWorld for Untitled, bSessionEnded=true, bCleanupResources=true
[2022.12.06-16.54.31:061][  0]LogSlate: InvalidateAllWidgets triggered.  All widgets were invalidated
[2022.12.06-16.54.31:062][  0]MapCheck: New page: Map Check
[2022.12.06-16.54.31:062][  0]LightingResults: New page: Lighting Build
[2022.12.06-16.54.31:071][  0]LogAudio: Display: Audio Device unregistered from world 'None'.
[2022.12.06-16.54.31:076][  0]LogUObjectHash: Compacting FUObjectHashTables data took   1.63ms
[2022.12.06-16.54.31:206][  0]LogTexture: Display: Building textures: DeprecatedTextureEB9CBE3C423008B5E8E130901E171C89 (BGRA8, 128X128)
[2022.12.06-16.54.31:212][  0]LogAudio: Display: Audio Device (ID: 1) registered with world 'Untitled_1'.
[2022.12.06-16.54.31:214][  0]LogAIModule: Creating AISystem for world Untitled_1
[2022.12.06-16.54.31:222][  0]LogEditorServer: Finished looking for orphan Actors (0.000 secs)
[2022.12.06-16.54.31:234][  0]LogUObjectHash: Compacting FUObjectHashTables data took   1.85ms
[2022.12.06-16.54.31:235][  0]Cmd: MAP CHECKDEP NOCLEARLOG
[2022.12.06-16.54.31:235][  0]MapCheck: Map check complete: 0 Error(s), 0 Warning(s), took 0,209ms to complete.
[2022.12.06-16.54.31:235][  0]LogFileHelpers: Loading map 'Template_Default' took 0.182
[2022.12.06-16.54.31:239][  0]LogUnrealEdMisc: Total Editor Startup Time, took 19.582
[2022.12.06-16.54.31:424][  0]LogSlate: Updating window title bar state: overlay mode, drag disabled, window buttons hidden, title bar hidden
[2022.12.06-16.54.31:443][  0]LogSlate: Updating window title bar state: overlay mode, drag disabled, window buttons hidden, title bar hidden
[2022.12.06-16.54.31:461][  0]LogSlate: Updating window title bar state: overlay mode, drag disabled, window buttons hidden, title bar hidden
[2022.12.06-16.54.31:477][  0]LogSlate: Updating window title bar state: overlay mode, drag disabled, window buttons hidden, title bar hidden
[2022.12.06-16.54.31:549][  0]LogNativeClassHierarchy: Verbose: Native class hierarchy populated in 0.0242 seconds. Added 3822 classes and 928 folders.
[2022.12.06-16.54.31:563][  0]LogNativeClassHierarchy: Verbose: Native class hierarchy updated for 'WidgetCarousel' in 0.0005 seconds. Added 0 classes and 0 folders.
[2022.12.06-16.54.31:571][  0]LogPakFile: PakFile PrimaryIndexSize=187
[2022.12.06-16.54.31:571][  0]LogPakFile: PakFile PathHashIndexSize=101
[2022.12.06-16.54.31:571][  0]LogPakFile: PakFile FullDirectoryIndexSize=148
[2022.12.06-16.54.31:572][  0]LogShaderLibrary: Display: ShaderCodeLibraryPakFileMountedCallback: PakFile 'D:/Games/UE_4.27/FeaturePacks/FP_FirstPerson.upack' (chunk index -1, root 'root:/') mounted
[2022.12.06-16.54.31:572][  0]LogShaderLibrary: Display: ShaderCodeLibraryPakFileMountedCallback: pending pak file info (ChunkID:-1 Root:root:/ File:D:/Games/UE_4.27/FeaturePacks/FP_FirstPerson.upack)
[2022.12.06-16.54.31:573][  0]LogPakFile: OnPakFileMounted2Time == 0.001327
[2022.12.06-16.54.31:577][  0]LogPakFile: PakFile PrimaryIndexSize=189
[2022.12.06-16.54.31:577][  0]LogPakFile: PakFile PathHashIndexSize=101
[2022.12.06-16.54.31:577][  0]LogPakFile: PakFile FullDirectoryIndexSize=152
[2022.12.06-16.54.31:577][  0]LogShaderLibrary: Display: ShaderCodeLibraryPakFileMountedCallback: PakFile 'D:/Games/UE_4.27/FeaturePacks/FP_FirstPersonBP.upack' (chunk index -1, root 'root:/') mounted
[2022.12.06-16.54.31:577][  0]LogShaderLibrary: Display: ShaderCodeLibraryPakFileMountedCallback: pending pak file info (ChunkID:-1 Root:root:/ File:D:/Games/UE_4.27/FeaturePacks/FP_FirstPersonBP.upack)
[2022.12.06-16.54.31:577][  0]LogPakFile: OnPakFileMounted2Time == 0.000079
[2022.12.06-16.54.31:579][  0]LogPakFile: PakFile PrimaryIndexSize=191
[2022.12.06-16.54.31:579][  0]LogPakFile: PakFile PathHashIndexSize=101
[2022.12.06-16.54.31:579][  0]LogPakFile: PakFile FullDirectoryIndexSize=160
[2022.12.06-16.54.31:579][  0]LogShaderLibrary: Display: ShaderCodeLibraryPakFileMountedCallback: PakFile 'D:/Games/UE_4.27/FeaturePacks/MobileStarterContent.upack' (chunk index -1, root 'root:/') mounted
[2022.12.06-16.54.31:579][  0]LogShaderLibrary: Display: ShaderCodeLibraryPakFileMountedCallback: pending pak file info (ChunkID:-1 Root:root:/ File:D:/Games/UE_4.27/FeaturePacks/MobileStarterContent.upack)
[2022.12.06-16.54.31:579][  0]LogPakFile: OnPakFileMounted2Time == 0.000054
[2022.12.06-16.54.31:582][  0]LogPakFile: PakFile PrimaryIndexSize=185
[2022.12.06-16.54.31:582][  0]LogPakFile: PakFile PathHashIndexSize=101
[2022.12.06-16.54.31:582][  0]LogPakFile: PakFile FullDirectoryIndexSize=148
[2022.12.06-16.54.31:582][  0]LogShaderLibrary: Display: ShaderCodeLibraryPakFileMountedCallback: PakFile 'D:/Games/UE_4.27/FeaturePacks/StarterContent.upack' (chunk index -1, root 'root:/') mounted
[2022.12.06-16.54.31:582][  0]LogShaderLibrary: Display: ShaderCodeLibraryPakFileMountedCallback: pending pak file info (ChunkID:-1 Root:root:/ File:D:/Games/UE_4.27/FeaturePacks/StarterContent.upack)
[2022.12.06-16.54.31:582][  0]LogPakFile: OnPakFileMounted2Time == 0.000093
[2022.12.06-16.54.31:584][  0]LogPakFile: PakFile PrimaryIndexSize=190
[2022.12.06-16.54.31:584][  0]LogPakFile: PakFile PathHashIndexSize=101
[2022.12.06-16.54.31:584][  0]LogPakFile: PakFile FullDirectoryIndexSize=154
[2022.12.06-16.54.31:584][  0]LogShaderLibrary: Display: ShaderCodeLibraryPakFileMountedCallback: PakFile 'D:/Games/UE_4.27/FeaturePacks/TP_2DSideScroller.upack' (chunk index -1, root 'root:/') mounted
[2022.12.06-16.54.31:584][  0]LogShaderLibrary: Display: ShaderCodeLibraryPakFileMountedCallback: pending pak file info (ChunkID:-1 Root:root:/ File:D:/Games/UE_4.27/FeaturePacks/TP_2DSideScroller.upack)
[2022.12.06-16.54.31:584][  0]LogPakFile: OnPakFileMounted2Time == 0.000091
[2022.12.06-16.54.31:587][  0]LogPakFile: PakFile PrimaryIndexSize=192
[2022.12.06-16.54.31:587][  0]LogPakFile: PakFile PathHashIndexSize=101
[2022.12.06-16.54.31:587][  0]LogPakFile: PakFile FullDirectoryIndexSize=158
[2022.12.06-16.54.31:587][  0]LogShaderLibrary: Display: ShaderCodeLibraryPakFileMountedCallback: PakFile 'D:/Games/UE_4.27/FeaturePacks/TP_2DSideScrollerBP.upack' (chunk index -1, root 'root:/') mounted
[2022.12.06-16.54.31:588][  0]LogShaderLibrary: Display: ShaderCodeLibraryPakFileMountedCallback: pending pak file info (ChunkID:-1 Root:root:/ File:D:/Games/UE_4.27/FeaturePacks/TP_2DSideScrollerBP.upack)
[2022.12.06-16.54.31:588][  0]LogPakFile: OnPakFileMounted2Time == 0.000082
[2022.12.06-16.54.31:590][  0]LogPakFile: PakFile PrimaryIndexSize=182
[2022.12.06-16.54.31:590][  0]LogPakFile: PakFile PathHashIndexSize=101
[2022.12.06-16.54.31:590][  0]LogPakFile: PakFile FullDirectoryIndexSize=138
[2022.12.06-16.54.31:590][  0]LogShaderLibrary: Display: ShaderCodeLibraryPakFileMountedCallback: PakFile 'D:/Games/UE_4.27/FeaturePacks/TP_Flying.upack' (chunk index -1, root 'root:/') mounted
[2022.12.06-16.54.31:590][  0]LogShaderLibrary: Display: ShaderCodeLibraryPakFileMountedCallback: pending pak file info (ChunkID:-1 Root:root:/ File:D:/Games/UE_4.27/FeaturePacks/TP_Flying.upack)
[2022.12.06-16.54.31:590][  0]LogPakFile: OnPakFileMounted2Time == 0.000072
[2022.12.06-16.54.31:592][  0]LogPakFile: PakFile PrimaryIndexSize=184
[2022.12.06-16.54.31:592][  0]LogPakFile: PakFile PathHashIndexSize=101
[2022.12.06-16.54.31:592][  0]LogPakFile: PakFile FullDirectoryIndexSize=142
[2022.12.06-16.54.31:592][  0]LogShaderLibrary: Display: ShaderCodeLibraryPakFileMountedCallback: PakFile 'D:/Games/UE_4.27/FeaturePacks/TP_FlyingBP.upack' (chunk index -1, root 'root:/') mounted
[2022.12.06-16.54.31:592][  0]LogShaderLibrary: Display: ShaderCodeLibraryPakFileMountedCallback: pending pak file info (ChunkID:-1 Root:root:/ File:D:/Games/UE_4.27/FeaturePacks/TP_FlyingBP.upack)
[2022.12.06-16.54.31:592][  0]LogPakFile: OnPakFileMounted2Time == 0.000082
[2022.12.06-16.54.31:595][  0]LogPakFile: PakFile PrimaryIndexSize=188
[2022.12.06-16.54.31:595][  0]LogPakFile: PakFile PathHashIndexSize=101
[2022.12.06-16.54.31:595][  0]LogPakFile: PakFile FullDirectoryIndexSize=150
[2022.12.06-16.54.31:595][  0]LogShaderLibrary: Display: ShaderCodeLibraryPakFileMountedCallback: PakFile 'D:/Games/UE_4.27/FeaturePacks/TP_HandheldARBP.upack' (chunk index -1, root 'root:/') mounted
[2022.12.06-16.54.31:595][  0]LogShaderLibrary: Display: ShaderCodeLibraryPakFileMountedCallback: pending pak file info (ChunkID:-1 Root:root:/ File:D:/Games/UE_4.27/FeaturePacks/TP_HandheldARBP.upack)
[2022.12.06-16.54.31:595][  0]LogPakFile: OnPakFileMounted2Time == 0.000096
[2022.12.06-16.54.31:598][  0]LogPakFile: PakFile PrimaryIndexSize=182
[2022.12.06-16.54.31:598][  0]LogPakFile: PakFile PathHashIndexSize=101
[2022.12.06-16.54.31:598][  0]LogPakFile: PakFile FullDirectoryIndexSize=138
[2022.12.06-16.54.31:598][  0]LogShaderLibrary: Display: ShaderCodeLibraryPakFileMountedCallback: PakFile 'D:/Games/UE_4.27/FeaturePacks/TP_Puzzle.upack' (chunk index -1, root 'root:/') mounted
[2022.12.06-16.54.31:598][  0]LogShaderLibrary: Display: ShaderCodeLibraryPakFileMountedCallback: pending pak file info (ChunkID:-1 Root:root:/ File:D:/Games/UE_4.27/FeaturePacks/TP_Puzzle.upack)
[2022.12.06-16.54.31:598][  0]LogPakFile: OnPakFileMounted2Time == 0.000086
[2022.12.06-16.54.31:600][  0]LogPakFile: PakFile PrimaryIndexSize=184
[2022.12.06-16.54.31:600][  0]LogPakFile: PakFile PathHashIndexSize=101
[2022.12.06-16.54.31:600][  0]LogPakFile: PakFile FullDirectoryIndexSize=142
[2022.12.06-16.54.31:600][  0]LogShaderLibrary: Display: ShaderCodeLibraryPakFileMountedCallback: PakFile 'D:/Games/UE_4.27/FeaturePacks/TP_PuzzleBP.upack' (chunk index -1, root 'root:/') mounted
[2022.12.06-16.54.31:600][  0]LogShaderLibrary: Display: ShaderCodeLibraryPakFileMountedCallback: pending pak file info (ChunkID:-1 Root:root:/ File:D:/Games/UE_4.27/FeaturePacks/TP_PuzzleBP.upack)
[2022.12.06-16.54.31:600][  0]LogPakFile: OnPakFileMounted2Time == 0.000079
[2022.12.06-16.54.31:603][  0]LogPakFile: PakFile PrimaryIndexSize=183
[2022.12.06-16.54.31:603][  0]LogPakFile: PakFile PathHashIndexSize=101
[2022.12.06-16.54.31:603][  0]LogPakFile: PakFile FullDirectoryIndexSize=140
[2022.12.06-16.54.31:603][  0]LogShaderLibrary: Display: ShaderCodeLibraryPakFileMountedCallback: PakFile 'D:/Games/UE_4.27/FeaturePacks/TP_Rolling.upack' (chunk index -1, root 'root:/') mounted
[2022.12.06-16.54.31:603][  0]LogShaderLibrary: Display: ShaderCodeLibraryPakFileMountedCallback: pending pak file info (ChunkID:-1 Root:root:/ File:D:/Games/UE_4.27/FeaturePacks/TP_Rolling.upack)
[2022.12.06-16.54.31:603][  0]LogPakFile: OnPakFileMounted2Time == 0.000084
[2022.12.06-16.54.31:605][  0]LogPakFile: PakFile PrimaryIndexSize=185
[2022.12.06-16.54.31:606][  0]LogPakFile: PakFile PathHashIndexSize=101
[2022.12.06-16.54.31:606][  0]LogPakFile: PakFile FullDirectoryIndexSize=144
[2022.12.06-16.54.31:606][  0]LogShaderLibrary: Display: ShaderCodeLibraryPakFileMountedCallback: PakFile 'D:/Games/UE_4.27/FeaturePacks/TP_RollingBP.upack' (chunk index -1, root 'root:/') mounted
[2022.12.06-16.54.31:606][  0]LogShaderLibrary: Display: ShaderCodeLibraryPakFileMountedCallback: pending pak file info (ChunkID:-1 Root:root:/ File:D:/Games/UE_4.27/FeaturePacks/TP_RollingBP.upack)
[2022.12.06-16.54.31:606][  0]LogPakFile: OnPakFileMounted2Time == 0.000106
[2022.12.06-16.54.31:608][  0]LogPakFile: PakFile PrimaryIndexSize=188
[2022.12.06-16.54.31:608][  0]LogPakFile: PakFile PathHashIndexSize=101
[2022.12.06-16.54.31:608][  0]LogPakFile: PakFile FullDirectoryIndexSize=150
[2022.12.06-16.54.31:609][  0]LogShaderLibrary: Display: ShaderCodeLibraryPakFileMountedCallback: PakFile 'D:/Games/UE_4.27/FeaturePacks/TP_SideScroller.upack' (chunk index -1, root 'root:/') mounted
[2022.12.06-16.54.31:609][  0]LogShaderLibrary: Display: ShaderCodeLibraryPakFileMountedCallback: pending pak file info (ChunkID:-1 Root:root:/ File:D:/Games/UE_4.27/FeaturePacks/TP_SideScroller.upack)
[2022.12.06-16.54.31:609][  0]LogPakFile: OnPakFileMounted2Time == 0.000078
[2022.12.06-16.54.31:611][  0]LogPakFile: PakFile PrimaryIndexSize=190
[2022.12.06-16.54.31:611][  0]LogPakFile: PakFile PathHashIndexSize=101
[2022.12.06-16.54.31:611][  0]LogPakFile: PakFile FullDirectoryIndexSize=154
[2022.12.06-16.54.31:611][  0]LogShaderLibrary: Display: ShaderCodeLibraryPakFileMountedCallback: PakFile 'D:/Games/UE_4.27/FeaturePacks/TP_SideScrollerBP.upack' (chunk index -1, root 'root:/') mounted
[2022.12.06-16.54.31:611][  0]LogShaderLibrary: Display: ShaderCodeLibraryPakFileMountedCallback: pending pak file info (ChunkID:-1 Root:root:/ File:D:/Games/UE_4.27/FeaturePacks/TP_SideScrollerBP.upack)
[2022.12.06-16.54.31:611][  0]LogPakFile: OnPakFileMounted2Time == 0.000080
[2022.12.06-16.54.31:614][  0]LogPakFile: PakFile PrimaryIndexSize=187
[2022.12.06-16.54.31:614][  0]LogPakFile: PakFile PathHashIndexSize=101
[2022.12.06-16.54.31:614][  0]LogPakFile: PakFile FullDirectoryIndexSize=148
[2022.12.06-16.54.31:614][  0]LogShaderLibrary: Display: ShaderCodeLibraryPakFileMountedCallback: PakFile 'D:/Games/UE_4.27/FeaturePacks/TP_ThirdPerson.upack' (chunk index -1, root 'root:/') mounted
[2022.12.06-16.54.31:614][  0]LogShaderLibrary: Display: ShaderCodeLibraryPakFileMountedCallback: pending pak file info (ChunkID:-1 Root:root:/ File:D:/Games/UE_4.27/FeaturePacks/TP_ThirdPerson.upack)
[2022.12.06-16.54.31:614][  0]LogPakFile: OnPakFileMounted2Time == 0.000093
[2022.12.06-16.54.31:617][  0]LogPakFile: PakFile PrimaryIndexSize=189
[2022.12.06-16.54.31:617][  0]LogPakFile: PakFile PathHashIndexSize=101
[2022.12.06-16.54.31:617][  0]LogPakFile: PakFile FullDirectoryIndexSize=152
[2022.12.06-16.54.31:617][  0]LogShaderLibrary: Display: ShaderCodeLibraryPakFileMountedCallback: PakFile 'D:/Games/UE_4.27/FeaturePacks/TP_ThirdPersonBP.upack' (chunk index -1, root 'root:/') mounted
[2022.12.06-16.54.31:617][  0]LogShaderLibrary: Display: ShaderCodeLibraryPakFileMountedCallback: pending pak file info (ChunkID:-1 Root:root:/ File:D:/Games/UE_4.27/FeaturePacks/TP_ThirdPersonBP.upack)
[2022.12.06-16.54.31:617][  0]LogPakFile: OnPakFileMounted2Time == 0.000102
[2022.12.06-16.54.31:621][  0]LogPakFile: PakFile PrimaryIndexSize=183
[2022.12.06-16.54.31:621][  0]LogPakFile: PakFile PathHashIndexSize=101
[2022.12.06-16.54.31:621][  0]LogPakFile: PakFile FullDirectoryIndexSize=140
[2022.12.06-16.54.31:621][  0]LogShaderLibrary: Display: ShaderCodeLibraryPakFileMountedCallback: PakFile 'D:/Games/UE_4.27/FeaturePacks/TP_TopDown.upack' (chunk index -1, root 'root:/') mounted
[2022.12.06-16.54.31:621][  0]LogShaderLibrary: Display: ShaderCodeLibraryPakFileMountedCallback: pending pak file info (ChunkID:-1 Root:root:/ File:D:/Games/UE_4.27/FeaturePacks/TP_TopDown.upack)
[2022.12.06-16.54.31:621][  0]LogPakFile: OnPakFileMounted2Time == 0.000089
[2022.12.06-16.54.31:623][  0]LogPakFile: PakFile PrimaryIndexSize=185
[2022.12.06-16.54.31:623][  0]LogPakFile: PakFile PathHashIndexSize=101
[2022.12.06-16.54.31:623][  0]LogPakFile: PakFile FullDirectoryIndexSize=144
[2022.12.06-16.54.31:624][  0]LogShaderLibrary: Display: ShaderCodeLibraryPakFileMountedCallback: PakFile 'D:/Games/UE_4.27/FeaturePacks/TP_TopDownBP.upack' (chunk index -1, root 'root:/') mounted
[2022.12.06-16.54.31:624][  0]LogShaderLibrary: Display: ShaderCodeLibraryPakFileMountedCallback: pending pak file info (ChunkID:-1 Root:root:/ File:D:/Games/UE_4.27/FeaturePacks/TP_TopDownBP.upack)
[2022.12.06-16.54.31:624][  0]LogPakFile: OnPakFileMounted2Time == 0.000090
[2022.12.06-16.54.31:626][  0]LogPakFile: PakFile PrimaryIndexSize=185
[2022.12.06-16.54.31:626][  0]LogPakFile: PakFile PathHashIndexSize=101
[2022.12.06-16.54.31:626][  0]LogPakFile: PakFile FullDirectoryIndexSize=144
[2022.12.06-16.54.31:626][  0]LogShaderLibrary: Display: ShaderCodeLibraryPakFileMountedCallback: PakFile 'D:/Games/UE_4.27/FeaturePacks/TP_TwinStick.upack' (chunk index -1, root 'root:/') mounted
[2022.12.06-16.54.31:626][  0]LogShaderLibrary: Display: ShaderCodeLibraryPakFileMountedCallback: pending pak file info (ChunkID:-1 Root:root:/ File:D:/Games/UE_4.27/FeaturePacks/TP_TwinStick.upack)
[2022.12.06-16.54.31:627][  0]LogPakFile: OnPakFileMounted2Time == 0.000086
[2022.12.06-16.54.31:629][  0]LogPakFile: PakFile PrimaryIndexSize=187
[2022.12.06-16.54.31:629][  0]LogPakFile: PakFile PathHashIndexSize=101
[2022.12.06-16.54.31:629][  0]LogPakFile: PakFile FullDirectoryIndexSize=148
[2022.12.06-16.54.31:629][  0]LogShaderLibrary: Display: ShaderCodeLibraryPakFileMountedCallback: PakFile 'D:/Games/UE_4.27/FeaturePacks/TP_TwinStickBP.upack' (chunk index -1, root 'root:/') mounted
[2022.12.06-16.54.31:629][  0]LogShaderLibrary: Display: ShaderCodeLibraryPakFileMountedCallback: pending pak file info (ChunkID:-1 Root:root:/ File:D:/Games/UE_4.27/FeaturePacks/TP_TwinStickBP.upack)
[2022.12.06-16.54.31:629][  0]LogPakFile: OnPakFileMounted2Time == 0.000078
[2022.12.06-16.54.31:632][  0]LogPakFile: PakFile PrimaryIndexSize=183
[2022.12.06-16.54.31:632][  0]LogPakFile: PakFile PathHashIndexSize=101
[2022.12.06-16.54.31:632][  0]LogPakFile: PakFile FullDirectoryIndexSize=140
[2022.12.06-16.54.31:632][  0]LogShaderLibrary: Display: ShaderCodeLibraryPakFileMountedCallback: PakFile 'D:/Games/UE_4.27/FeaturePacks/TP_Vehicle.upack' (chunk index -1, root 'root:/') mounted
[2022.12.06-16.54.31:633][  0]LogShaderLibrary: Display: ShaderCodeLibraryPakFileMountedCallback: pending pak file info (ChunkID:-1 Root:root:/ File:D:/Games/UE_4.27/FeaturePacks/TP_Vehicle.upack)
[2022.12.06-16.54.31:633][  0]LogPakFile: OnPakFileMounted2Time == 0.000097
[2022.12.06-16.54.31:636][  0]LogPakFile: PakFile PrimaryIndexSize=186
[2022.12.06-16.54.31:636][  0]LogPakFile: PakFile PathHashIndexSize=101
[2022.12.06-16.54.31:636][  0]LogPakFile: PakFile FullDirectoryIndexSize=146
[2022.12.06-16.54.31:636][  0]LogShaderLibrary: Display: ShaderCodeLibraryPakFileMountedCallback: PakFile 'D:/Games/UE_4.27/FeaturePacks/TP_VehicleAdv.upack' (chunk index -1, root 'root:/') mounted
[2022.12.06-16.54.31:636][  0]LogShaderLibrary: Display: ShaderCodeLibraryPakFileMountedCallback: pending pak file info (ChunkID:-1 Root:root:/ File:D:/Games/UE_4.27/FeaturePacks/TP_VehicleAdv.upack)
[2022.12.06-16.54.31:637][  0]LogPakFile: OnPakFileMounted2Time == 0.000093
[2022.12.06-16.54.31:639][  0]LogPakFile: PakFile PrimaryIndexSize=188
[2022.12.06-16.54.31:639][  0]LogPakFile: PakFile PathHashIndexSize=101
[2022.12.06-16.54.31:639][  0]LogPakFile: PakFile FullDirectoryIndexSize=150
[2022.12.06-16.54.31:639][  0]LogShaderLibrary: Display: ShaderCodeLibraryPakFileMountedCallback: PakFile 'D:/Games/UE_4.27/FeaturePacks/TP_VehicleAdvBP.upack' (chunk index -1, root 'root:/') mounted
[2022.12.06-16.54.31:640][  0]LogShaderLibrary: Display: ShaderCodeLibraryPakFileMountedCallback: pending pak file info (ChunkID:-1 Root:root:/ File:D:/Games/UE_4.27/FeaturePacks/TP_VehicleAdvBP.upack)
[2022.12.06-16.54.31:640][  0]LogPakFile: OnPakFileMounted2Time == 0.000124
[2022.12.06-16.54.31:642][  0]LogPakFile: PakFile PrimaryIndexSize=185
[2022.12.06-16.54.31:642][  0]LogPakFile: PakFile PathHashIndexSize=101
[2022.12.06-16.54.31:642][  0]LogPakFile: PakFile FullDirectoryIndexSize=144
[2022.12.06-16.54.31:642][  0]LogShaderLibrary: Display: ShaderCodeLibraryPakFileMountedCallback: PakFile 'D:/Games/UE_4.27/FeaturePacks/TP_VehicleBP.upack' (chunk index -1, root 'root:/') mounted
[2022.12.06-16.54.31:642][  0]LogShaderLibrary: Display: ShaderCodeLibraryPakFileMountedCallback: pending pak file info (ChunkID:-1 Root:root:/ File:D:/Games/UE_4.27/FeaturePacks/TP_VehicleBP.upack)
[2022.12.06-16.54.31:642][  0]LogPakFile: OnPakFileMounted2Time == 0.000108
[2022.12.06-16.54.31:646][  0]LogPakFile: PakFile PrimaryIndexSize=192
[2022.12.06-16.54.31:646][  0]LogPakFile: PakFile PathHashIndexSize=101
[2022.12.06-16.54.31:646][  0]LogPakFile: PakFile FullDirectoryIndexSize=158
[2022.12.06-16.54.31:646][  0]LogShaderLibrary: Display: ShaderCodeLibraryPakFileMountedCallback: PakFile 'D:/Games/UE_4.27/FeaturePacks/TP_VirtualRealityBP.upack' (chunk index -1, root 'root:/') mounted
[2022.12.06-16.54.31:646][  0]LogShaderLibrary: Display: ShaderCodeLibraryPakFileMountedCallback: pending pak file info (ChunkID:-1 Root:root:/ File:D:/Games/UE_4.27/FeaturePacks/TP_VirtualRealityBP.upack)
[2022.12.06-16.54.31:646][  0]LogPakFile: OnPakFileMounted2Time == 0.000089
[2022.12.06-16.54.31:896][  0]LogNativeClassHierarchy: Verbose: Native class hierarchy updated for 'AddContentDialog' in 0.0005 seconds. Added 0 classes and 0 folders.
[2022.12.06-16.54.31:902][  0]LogNativeClassHierarchy: Verbose: Native class hierarchy updated for 'SceneOutliner' in 0.0005 seconds. Added 2 classes and 0 folders.
[2022.12.06-16.54.32:006][  0]LogSlate: Took 0.001157 seconds to synchronously load lazily loaded font '../../../Engine/Content/Editor/Slate/Fonts/FontAwesome.ttf' (139K)
[2022.12.06-16.54.32:008][  0]LogSlate: Took 0.000921 seconds to synchronously load lazily loaded font '../../../Engine/Content/Slate/Fonts/Roboto-Bold.ttf' (160K)
[2022.12.06-16.54.32:147][  0]LogRenderer: Reallocating scene render targets to support 1208x580 Format 10 NumSamples 1 (Frame:1).
[2022.12.06-16.54.32:432][  0]LogNativeClassHierarchy: Verbose: Native class hierarchy updated for 'HierarchicalLODOutliner' in 0.0005 seconds. Added 0 classes and 0 folders.
[2022.12.06-16.54.32:432][  0]LogLoad: (Engine Initialization) Total time: 20.78 seconds
[2022.12.06-16.54.32:432][  0]LogLoad: (Engine Initialization) Total Blueprint compile time: 0.00 seconds
[2022.12.06-16.54.32:541][  0]LogContentStreaming: Texture pool size now 1000 MB
[2022.12.06-16.54.32:645][  1]LogAssetRegistry: Asset discovery search completed in 15.5658 seconds
[2022.12.06-16.54.32:662][  1]LogCollectionManager: Fixed up redirectors for 0 collections in 0.000163 seconds (updated 0 objects)
[2022.12.06-16.54.32:726][  2]LogSlate: Took 0.001125 seconds to synchronously load lazily loaded font '../../../Engine/Content/Slate/Fonts/Roboto-Light.ttf' (167K)
[2022.12.06-16.54.42:820][396]LogUObjectHash: Compacting FUObjectHashTables data took   1.23ms
[2022.12.06-16.54.42:840][396]LogSlate: Took 0.000249 seconds to synchronously load lazily loaded font '../../../Engine/Content/Slate/Fonts/Roboto-Light.ttf' (167K)
[2022.12.06-16.54.43:696][396]LogAssetEditorSubsystem: Opening Asset editor for World /Game/Maps/Main_Tower.Main_Tower
[2022.12.06-16.54.43:697][396]Cmd: MAP LOAD FILE="../../../../../Game/Game_name/Content/Maps/Main_Tower.umap" TEMPLATE=0 SHOWPROGRESS=1 FEATURELEVEL=3
[2022.12.06-16.54.43:697][396]LightingResults: New page: Lighting Build
[2022.12.06-16.54.43:697][396]LoadErrors: New page: Loading map: Main_Tower.umap
[2022.12.06-16.54.43:703][396]LogWorld: UWorld::CleanupWorld for Untitled_1, bSessionEnded=true, bCleanupResources=true
[2022.12.06-16.54.43:704][396]LogSlate: InvalidateAllWidgets triggered.  All widgets were invalidated
[2022.12.06-16.54.43:705][396]MapCheck: New page: Map Check
[2022.12.06-16.54.43:705][396]LightingResults: New page: Lighting Build
[2022.12.06-16.54.43:714][396]LogAudio: Display: Audio Device unregistered from world 'None'.
[2022.12.06-16.54.43:726][396]LogUObjectHash: Compacting FUObjectHashTables data took   1.31ms
[2022.12.06-16.54.43:727][396]LogAudio: Display: Audio Device (ID: 1) registered with world 'Main_Tower'.
[2022.12.06-16.54.43:761][396]LogEditorServer: Finished looking for orphan Actors (0.000 secs)
[2022.12.06-16.54.43:761][396]LogAIModule: Creating AISystem for world Main_Tower
[2022.12.06-16.54.43:772][396]LogUObjectHash: Compacting FUObjectHashTables data took   1.15ms
[2022.12.06-16.54.43:782][396]Cmd: MAP CHECKDEP NOCLEARLOG
[2022.12.06-16.54.43:782][396]MapCheck: Map check complete: 0 Error(s), 0 Warning(s), took 0,121ms to complete.
[2022.12.06-16.54.43:782][396]LogFileHelpers: Loading map 'Main_Tower' took 0.086
[2022.12.06-16.54.47:974][514]LogUObjectHash: Compacting FUObjectHashTables data took   0.44ms
[2022.12.06-16.54.53:491][785]LogEditorViewport: Clicking on Actor (LMB): Landscape (Landscape4)
[2022.12.06-16.54.53:933][789]LogUObjectHash: Compacting FUObjectHashTables data took   1.58ms
